# JRE version: OpenJDK Runtime Environment (17.0.10) (build 17.0.10+0--11572160)
# Java VM: OpenJDK 64-Bit Server VM (17.0.10+0--11572160, mixed mode, tiered, compressed oops, compressed class ptrs, g1 gc, windows-amd64)
GC Precious Log:
 CPUs: 16 total, 16 available
 Memory: 15654M
 Large Page Support: Disabled
 NUMA Support: Disabled
 Compressed Oops: Enabled (32-bit)
 Heap Region Size: 1M
 Heap Min Capacity: 8M
 Heap Initial Capacity: 246M
 Heap Max Capacity: 2G
 Pre-touch: Disabled
 Parallel Workers: 13
 Concurrent Workers: 3
 Concurrent Refinement Workers: 13
 Periodic GC: Disabled
Heap:
 garbage-first heap   total 222208K, used 144019K [0x0000000080000000, 0x0000000100000000)
  region size 1024K, 66 young (67584K), 12 survivors (12288K)
 Metaspace       used 84276K, committed 84992K, reserved 1179648K
  class space    used 11584K, committed 11904K, reserved 1048576K
GC Heap History (20 events):
Event: 4.579 GC heap before
{Heap before GC invocations=18 (full 0):
 garbage-first heap   total 89088K, used 81397K [0x0000000080000000, 0x0000000100000000)
  region size 1024K, 26 young (26624K), 1 survivors (1024K)
 Metaspace       used 58622K, committed 59200K, reserved 1114112K
  class space    used 8117K, committed 8384K, reserved 1048576K
}
Event: 4.581 GC heap after
{Heap after GC invocations=19 (full 0):
 garbage-first heap   total 92160K, used 63582K [0x0000000080000000, 0x0000000100000000)
  region size 1024K, 4 young (4096K), 4 survivors (4096K)
 Metaspace       used 58622K, committed 59200K, reserved 1114112K
  class space    used 8117K, committed 8384K, reserved 1048576K
}
Event: 4.584 GC heap before
{Heap before GC invocations=19 (full 0):
 garbage-first heap   total 92160K, used 63582K [0x0000000080000000, 0x0000000100000000)
  region size 1024K, 5 young (5120K), 4 survivors (4096K)
 Metaspace       used 58641K, committed 59200K, reserved 1114112K
  class space    used 8121K, committed 8384K, reserved 1048576K
}
Event: 4.585 GC heap after
{Heap after GC invocations=20 (full 0):
 garbage-first heap   total 110592K, used 64344K [0x0000000080000000, 0x0000000100000000)
  region size 1024K, 1 young (1024K), 1 survivors (1024K)
 Metaspace       used 58641K, committed 59200K, reserved 1114112K
  class space    used 8121K, committed 8384K, reserved 1048576K
}
Event: 4.593 GC heap before
{Heap before GC invocations=20 (full 0):
 garbage-first heap   total 110592K, used 65368K [0x0000000080000000, 0x0000000100000000)
  region size 1024K, 3 young (3072K), 1 survivors (1024K)
 Metaspace       used 58773K, committed 59328K, reserved 1114112K
  class space    used 8131K, committed 8384K, reserved 1048576K
}
Event: 4.594 GC heap after
{Heap after GC invocations=21 (full 0):
 garbage-first heap   total 110592K, used 64198K [0x0000000080000000, 0x0000000100000000)
  region size 1024K, 1 young (1024K), 1 survivors (1024K)
 Metaspace       used 58773K, committed 59328K, reserved 1114112K
  class space    used 8131K, committed 8384K, reserved 1048576K
}
Event: 4.749 GC heap before
{Heap before GC invocations=22 (full 0):
 garbage-first heap   total 116736K, used 88774K [0x0000000080000000, 0x0000000100000000)
  region size 1024K, 24 young (24576K), 1 survivors (1024K)
 Metaspace       used 60619K, committed 61120K, reserved 1114112K
  class space    used 8393K, committed 8640K, reserved 1048576K
}
Event: 4.750 GC heap after
{Heap after GC invocations=23 (full 0):
 garbage-first heap   total 116736K, used 65834K [0x0000000080000000, 0x0000000100000000)
  region size 1024K, 2 young (2048K), 2 survivors (2048K)
 Metaspace       used 60619K, committed 61120K, reserved 1114112K
  class space    used 8393K, committed 8640K, reserved 1048576K
}
Event: 4.772 GC heap before
{Heap before GC invocations=23 (full 0):
 garbage-first heap   total 116736K, used 68906K [0x0000000080000000, 0x0000000100000000)
  region size 1024K, 5 young (5120K), 2 survivors (2048K)
 Metaspace       used 60827K, committed 61440K, reserved 1114112K
  class space    used 8423K, committed 8704K, reserved 1048576K
}
Event: 4.773 GC heap after
{Heap after GC invocations=24 (full 0):
 garbage-first heap   total 116736K, used 65178K [0x0000000080000000, 0x0000000100000000)
  region size 1024K, 1 young (1024K), 1 survivors (1024K)
 Metaspace       used 60827K, committed 61440K, reserved 1114112K
  class space    used 8423K, committed 8704K, reserved 1048576K
}
Event: 4.972 GC heap before
{Heap before GC invocations=24 (full 0):
 garbage-first heap   total 116736K, used 91802K [0x0000000080000000, 0x0000000100000000)
  region size 1024K, 28 young (28672K), 1 survivors (1024K)
 Metaspace       used 63743K, committed 64320K, reserved 1114112K
  class space    used 8732K, committed 9024K, reserved 1048576K
}
Event: 4.973 GC heap after
{Heap after GC invocations=25 (full 0):
 garbage-first heap   total 116736K, used 65761K [0x0000000080000000, 0x0000000100000000)
  region size 1024K, 1 young (1024K), 1 survivors (1024K)
 Metaspace       used 63743K, committed 64320K, reserved 1114112K
  class space    used 8732K, committed 9024K, reserved 1048576K
}
Event: 5.296 GC heap before
{Heap before GC invocations=26 (full 0):
 garbage-first heap   total 116736K, used 95457K [0x0000000080000000, 0x0000000100000000)
  region size 1024K, 29 young (29696K), 1 survivors (1024K)
 Metaspace       used 67354K, committed 67968K, reserved 1114112K
  class space    used 9234K, committed 9536K, reserved 1048576K
}
Event: 5.299 GC heap after
{Heap after GC invocations=27 (full 0):
 garbage-first heap   total 222208K, used 68433K [0x0000000080000000, 0x0000000100000000)
  region size 1024K, 3 young (3072K), 3 survivors (3072K)
 Metaspace       used 67354K, committed 67968K, reserved 1114112K
  class space    used 9234K, committed 9536K, reserved 1048576K
}
Event: 5.313 GC heap before
{Heap before GC invocations=27 (full 0):
 garbage-first heap   total 222208K, used 78673K [0x0000000080000000, 0x0000000100000000)
  region size 1024K, 10 young (10240K), 3 survivors (3072K)
 Metaspace       used 67354K, committed 67968K, reserved 1114112K
  class space    used 9234K, committed 9536K, reserved 1048576K
}
Event: 5.315 GC heap after
{Heap after GC invocations=28 (full 0):
 garbage-first heap   total 222208K, used 73579K [0x0000000080000000, 0x0000000100000000)
  region size 1024K, 2 young (2048K), 2 survivors (2048K)
 Metaspace       used 67354K, committed 67968K, reserved 1114112K
  class space    used 9234K, committed 9536K, reserved 1048576K
}
Event: 6.102 GC heap before
{Heap before GC invocations=28 (full 0):
 garbage-first heap   total 222208K, used 166763K [0x0000000080000000, 0x0000000100000000)
  region size 1024K, 88 young (90112K), 2 survivors (2048K)
 Metaspace       used 74247K, committed 74880K, reserved 1114112K
  class space    used 10166K, committed 10496K, reserved 1048576K
}
Event: 6.106 GC heap after
{Heap after GC invocations=29 (full 0):
 garbage-first heap   total 222208K, used 83263K [0x0000000080000000, 0x0000000100000000)
  region size 1024K, 7 young (7168K), 7 survivors (7168K)
 Metaspace       used 74247K, committed 74880K, reserved 1114112K
  class space    used 10166K, committed 10496K, reserved 1048576K
}
Event: 6.752 GC heap before
{Heap before GC invocations=29 (full 0):
 garbage-first heap   total 222208K, used 170303K [0x0000000080000000, 0x0000000100000000)
  region size 1024K, 92 young (94208K), 7 survivors (7168K)
 Metaspace       used 80440K, committed 81152K, reserved 1179648K
  class space    used 11006K, committed 11328K, reserved 1048576K
}
Event: 6.757 GC heap after
{Heap after GC invocations=30 (full 0):
 garbage-first heap   total 222208K, used 89747K [0x0000000080000000, 0x0000000100000000)
  region size 1024K, 12 young (12288K), 12 survivors (12288K)
 Metaspace       used 80440K, committed 81152K, reserved 1179648K
  class space    used 11006K, committed 11328K, reserved 1048576K
}

