# JRE version: OpenJDK Runtime Environment (17.0.10) (build 17.0.10+0--11572160)
# Java VM: OpenJDK 64-Bit Server VM (17.0.10+0--11572160, mixed mode, tiered, compressed oops, compressed class ptrs, g1 gc, windows-amd64)
GC Precious Log:
 CPUs: 16 total, 16 available
 Memory: 15654M
 Large Page Support: Disabled
 NUMA Support: Disabled
 Compressed Oops: Enabled (32-bit)
 Heap Region Size: 1M
 Heap Min Capacity: 8M
 Heap Initial Capacity: 246M
 Heap Max Capacity: 2G
 Pre-touch: Disabled
 Parallel Workers: 13
 Concurrent Workers: 3
 Concurrent Refinement Workers: 13
 Periodic GC: Disabled
Heap:
 garbage-first heap   total 225280K, used 169150K [0x0000000080000000, 0x0000000100000000)
  region size 1024K, 46 young (47104K), 1 survivors (1024K)
 Metaspace       used 105933K, committed 106688K, reserved 1179648K
  class space    used 14750K, committed 15104K, reserved 1048576K
GC Heap History (20 events):
Event: 6.071 GC heap before
{Heap before GC invocations=20 (full 0):
 garbage-first heap   total 202752K, used 162357K [0x0000000080000000, 0x0000000100000000)
  region size 1024K, 93 young (95232K), 11 survivors (11264K)
 Metaspace       used 81407K, committed 82048K, reserved 1179648K
  class space    used 11128K, committed 11456K, reserved 1048576K
}
Event: 6.076 GC heap after
{Heap after GC invocations=21 (full 0):
 garbage-first heap   total 202752K, used 84744K [0x0000000080000000, 0x0000000100000000)
  region size 1024K, 12 young (12288K), 12 survivors (12288K)
 Metaspace       used 81407K, committed 82048K, reserved 1179648K
  class space    used 11128K, committed 11456K, reserved 1048576K
}
Event: 6.551 GC heap before
{Heap before GC invocations=21 (full 0):
 garbage-first heap   total 202752K, used 163592K [0x0000000080000000, 0x0000000100000000)
  region size 1024K, 88 young (90112K), 12 survivors (12288K)
 Metaspace       used 86807K, committed 87488K, reserved 1179648K
  class space    used 12094K, committed 12416K, reserved 1048576K
}
Event: 6.556 GC heap after
{Heap after GC invocations=22 (full 0):
 garbage-first heap   total 202752K, used 87627K [0x0000000080000000, 0x0000000100000000)
  region size 1024K, 4 young (4096K), 4 survivors (4096K)
 Metaspace       used 86807K, committed 87488K, reserved 1179648K
  class space    used 12094K, committed 12416K, reserved 1048576K
}
Event: 7.184 GC heap before
{Heap before GC invocations=22 (full 0):
 garbage-first heap   total 202752K, used 164427K [0x0000000080000000, 0x0000000100000000)
  region size 1024K, 79 young (80896K), 4 survivors (4096K)
 Metaspace       used 92235K, committed 92992K, reserved 1179648K
  class space    used 12864K, committed 13248K, reserved 1048576K
}
Event: 7.186 GC heap after
{Heap after GC invocations=23 (full 0):
 garbage-first heap   total 202752K, used 91296K [0x0000000080000000, 0x0000000100000000)
  region size 1024K, 7 young (7168K), 7 survivors (7168K)
 Metaspace       used 92235K, committed 92992K, reserved 1179648K
  class space    used 12864K, committed 13248K, reserved 1048576K
}
Event: 7.733 GC heap before
{Heap before GC invocations=23 (full 0):
 garbage-first heap   total 202752K, used 166048K [0x0000000080000000, 0x0000000100000000)
  region size 1024K, 80 young (81920K), 7 survivors (7168K)
 Metaspace       used 98388K, committed 99136K, reserved 1179648K
  class space    used 13734K, committed 14080K, reserved 1048576K
}
Event: 7.738 GC heap after
{Heap after GC invocations=24 (full 0):
 garbage-first heap   total 202752K, used 95545K [0x0000000080000000, 0x0000000100000000)
  region size 1024K, 9 young (9216K), 9 survivors (9216K)
 Metaspace       used 98388K, committed 99136K, reserved 1179648K
  class space    used 13734K, committed 14080K, reserved 1048576K
}
Event: 7.931 GC heap before
{Heap before GC invocations=24 (full 0):
 garbage-first heap   total 202752K, used 118073K [0x0000000080000000, 0x0000000100000000)
  region size 1024K, 33 young (33792K), 9 survivors (9216K)
 Metaspace       used 100225K, committed 100928K, reserved 1179648K
  class space    used 14066K, committed 14400K, reserved 1048576K
}
Event: 7.935 GC heap after
{Heap after GC invocations=25 (full 0):
 garbage-first heap   total 202752K, used 97626K [0x0000000080000000, 0x0000000100000000)
  region size 1024K, 7 young (7168K), 7 survivors (7168K)
 Metaspace       used 100225K, committed 100928K, reserved 1179648K
  class space    used 14066K, committed 14400K, reserved 1048576K
}
Event: 8.269 GC heap before
{Heap before GC invocations=26 (full 0):
 garbage-first heap   total 202752K, used 166234K [0x0000000080000000, 0x0000000100000000)
  region size 1024K, 75 young (76800K), 7 survivors (7168K)
 Metaspace       used 101525K, committed 102272K, reserved 1179648K
  class space    used 14258K, committed 14592K, reserved 1048576K
}
Event: 8.273 GC heap after
{Heap after GC invocations=27 (full 0):
 garbage-first heap   total 202752K, used 103683K [0x0000000080000000, 0x0000000100000000)
  region size 1024K, 9 young (9216K), 9 survivors (9216K)
 Metaspace       used 101525K, committed 102272K, reserved 1179648K
  class space    used 14258K, committed 14592K, reserved 1048576K
}
Event: 8.281 GC heap before
{Heap before GC invocations=27 (full 0):
 garbage-first heap   total 202752K, used 104707K [0x0000000080000000, 0x0000000100000000)
  region size 1024K, 10 young (10240K), 9 survivors (9216K)
 Metaspace       used 101525K, committed 102272K, reserved 1179648K
  class space    used 14258K, committed 14592K, reserved 1048576K
}
Event: 8.283 GC heap after
{Heap after GC invocations=28 (full 0):
 garbage-first heap   total 202752K, used 103744K [0x0000000080000000, 0x0000000100000000)
  region size 1024K, 1 young (1024K), 1 survivors (1024K)
 Metaspace       used 101525K, committed 102272K, reserved 1179648K
  class space    used 14258K, committed 14592K, reserved 1048576K
}
Event: 8.562 GC heap before
{Heap before GC invocations=28 (full 0):
 garbage-first heap   total 202752K, used 166208K [0x0000000080000000, 0x0000000100000000)
  region size 1024K, 63 young (64512K), 1 survivors (1024K)
 Metaspace       used 102095K, committed 102848K, reserved 1179648K
  class space    used 14323K, committed 14656K, reserved 1048576K
}
Event: 8.564 GC heap after
{Heap after GC invocations=29 (full 0):
 garbage-first heap   total 202752K, used 107854K [0x0000000080000000, 0x0000000100000000)
  region size 1024K, 5 young (5120K), 5 survivors (5120K)
 Metaspace       used 102095K, committed 102848K, reserved 1179648K
  class space    used 14323K, committed 14656K, reserved 1048576K
}
Event: 8.723 GC heap before
{Heap before GC invocations=30 (full 0):
 garbage-first heap   total 202752K, used 167246K [0x0000000080000000, 0x0000000100000000)
  region size 1024K, 64 young (65536K), 5 survivors (5120K)
 Metaspace       used 102209K, committed 103040K, reserved 1179648K
  class space    used 14330K, committed 14720K, reserved 1048576K
}
Event: 8.726 GC heap after
{Heap after GC invocations=31 (full 0):
 garbage-first heap   total 202752K, used 109963K [0x0000000080000000, 0x0000000100000000)
  region size 1024K, 5 young (5120K), 5 survivors (5120K)
 Metaspace       used 102209K, committed 103040K, reserved 1179648K
  class space    used 14330K, committed 14720K, reserved 1048576K
}
Event: 8.742 GC heap before
{Heap before GC invocations=31 (full 0):
 garbage-first heap   total 202752K, used 114059K [0x0000000080000000, 0x0000000100000000)
  region size 1024K, 9 young (9216K), 5 survivors (5120K)
 Metaspace       used 102236K, committed 103040K, reserved 1179648K
  class space    used 14331K, committed 14720K, reserved 1048576K
}
Event: 8.743 GC heap after
{Heap after GC invocations=32 (full 0):
 garbage-first heap   total 202752K, used 108734K [0x0000000080000000, 0x0000000100000000)
  region size 1024K, 1 young (1024K), 1 survivors (1024K)
 Metaspace       used 102236K, committed 103040K, reserved 1179648K
  class space    used 14331K, committed 14720K, reserved 1048576K
}

