# JRE version: OpenJDK Runtime Environment (17.0.10) (build 17.0.10+0--11572160)
# Java VM: OpenJDK 64-Bit Server VM (17.0.10+0--11572160, mixed mode, tiered, compressed oops, compressed class ptrs, g1 gc, windows-amd64)
GC Precious Log:
 CPUs: 16 total, 16 available
 Memory: 15654M
 Large Page Support: Disabled
 NUMA Support: Disabled
 Compressed Oops: Enabled (32-bit)
 Heap Region Size: 1M
 Heap Min Capacity: 8M
 Heap Initial Capacity: 246M
 Heap Max Capacity: 2G
 Pre-touch: Disabled
 Parallel Workers: 13
 Concurrent Workers: 3
 Concurrent Refinement Workers: 13
 Periodic GC: Disabled
Heap:
 garbage-first heap   total 329728K, used 275847K [0x0000000080000000, 0x0000000100000000)
  region size 1024K, 13 young (13312K), 4 survivors (4096K)
 Metaspace       used 118956K, committed 119808K, reserved 1179648K
  class space    used 16387K, committed 16832K, reserved 1048576K
GC Heap History (20 events):
Event: 10.255 GC heap before
{Heap before GC invocations=28 (full 0):
 garbage-first heap   total 231424K, used 190703K [0x0000000080000000, 0x0000000100000000)
  region size 1024K, 85 young (87040K), 2 survivors (2048K)
 Metaspace       used 104190K, committed 104960K, reserved 1179648K
  class space    used 14471K, committed 14848K, reserved 1048576K
}
Event: 10.258 GC heap after
{Heap after GC invocations=29 (full 0):
 garbage-first heap   total 231424K, used 107291K [0x0000000080000000, 0x0000000100000000)
  region size 1024K, 7 young (7168K), 7 survivors (7168K)
 Metaspace       used 104190K, committed 104960K, reserved 1179648K
  class space    used 14471K, committed 14848K, reserved 1048576K
}
Event: 11.177 GC heap before
{Heap before GC invocations=29 (full 0):
 garbage-first heap   total 231424K, used 186139K [0x0000000080000000, 0x0000000100000000)
  region size 1024K, 85 young (87040K), 7 survivors (7168K)
 Metaspace       used 107701K, committed 108480K, reserved 1179648K
  class space    used 14888K, committed 15296K, reserved 1048576K
}
Event: 11.181 GC heap after
{Heap after GC invocations=30 (full 0):
 garbage-first heap   total 231424K, used 110437K [0x0000000080000000, 0x0000000100000000)
  region size 1024K, 6 young (6144K), 6 survivors (6144K)
 Metaspace       used 107701K, committed 108480K, reserved 1179648K
  class space    used 14888K, committed 15296K, reserved 1048576K
}
Event: 12.455 GC heap before
{Heap before GC invocations=30 (full 0):
 garbage-first heap   total 231424K, used 187237K [0x0000000080000000, 0x0000000100000000)
  region size 1024K, 82 young (83968K), 6 survivors (6144K)
 Metaspace       used 113060K, committed 113920K, reserved 1179648K
  class space    used 15624K, committed 16064K, reserved 1048576K
}
Event: 12.458 GC heap after
{Heap after GC invocations=31 (full 0):
 garbage-first heap   total 231424K, used 114079K [0x0000000080000000, 0x0000000100000000)
  region size 1024K, 9 young (9216K), 9 survivors (9216K)
 Metaspace       used 113060K, committed 113920K, reserved 1179648K
  class space    used 15624K, committed 16064K, reserved 1048576K
}
Event: 13.144 GC heap before
{Heap before GC invocations=31 (full 0):
 garbage-first heap   total 231424K, used 188831K [0x0000000080000000, 0x0000000100000000)
  region size 1024K, 83 young (84992K), 9 survivors (9216K)
 Metaspace       used 114648K, committed 115584K, reserved 1179648K
  class space    used 15804K, committed 16256K, reserved 1048576K
}
Event: 13.149 GC heap after
{Heap after GC invocations=32 (full 0):
 garbage-first heap   total 231424K, used 121275K [0x0000000080000000, 0x0000000100000000)
  region size 1024K, 11 young (11264K), 11 survivors (11264K)
 Metaspace       used 114648K, committed 115584K, reserved 1179648K
  class space    used 15804K, committed 16256K, reserved 1048576K
}
Event: 13.494 GC heap before
{Heap before GC invocations=32 (full 0):
 garbage-first heap   total 231424K, used 187835K [0x0000000080000000, 0x0000000100000000)
  region size 1024K, 77 young (78848K), 11 survivors (11264K)
 Metaspace       used 115207K, committed 116160K, reserved 1179648K
  class space    used 15841K, committed 16320K, reserved 1048576K
}
Event: 13.499 GC heap after
{Heap after GC invocations=33 (full 0):
 garbage-first heap   total 231424K, used 128674K [0x0000000080000000, 0x0000000100000000)
  region size 1024K, 8 young (8192K), 8 survivors (8192K)
 Metaspace       used 115207K, committed 116160K, reserved 1179648K
  class space    used 15841K, committed 16320K, reserved 1048576K
}
Event: 13.584 GC heap before
{Heap before GC invocations=33 (full 0):
 garbage-first heap   total 231424K, used 163490K [0x0000000080000000, 0x0000000100000000)
  region size 1024K, 38 young (38912K), 8 survivors (8192K)
 Metaspace       used 115521K, committed 116416K, reserved 1179648K
  class space    used 15876K, committed 16320K, reserved 1048576K
}
Event: 13.587 GC heap after
{Heap after GC invocations=34 (full 0):
 garbage-first heap   total 231424K, used 137058K [0x0000000080000000, 0x0000000100000000)
  region size 1024K, 4 young (4096K), 4 survivors (4096K)
 Metaspace       used 115521K, committed 116416K, reserved 1179648K
  class space    used 15876K, committed 16320K, reserved 1048576K
}
Event: 13.600 GC heap before
{Heap before GC invocations=34 (full 0):
 garbage-first heap   total 231424K, used 169826K [0x0000000080000000, 0x0000000100000000)
  region size 1024K, 8 young (8192K), 4 survivors (4096K)
 Metaspace       used 115528K, committed 116416K, reserved 1179648K
  class space    used 15876K, committed 16320K, reserved 1048576K
}
Event: 13.601 GC heap after
{Heap after GC invocations=35 (full 0):
 garbage-first heap   total 231424K, used 168501K [0x0000000080000000, 0x0000000100000000)
  region size 1024K, 5 young (5120K), 5 survivors (5120K)
 Metaspace       used 115528K, committed 116416K, reserved 1179648K
  class space    used 15876K, committed 16320K, reserved 1048576K
}
Event: 13.861 GC heap before
{Heap before GC invocations=36 (full 0):
 garbage-first heap   total 329728K, used 215605K [0x0000000080000000, 0x0000000100000000)
  region size 1024K, 34 young (34816K), 5 survivors (5120K)
 Metaspace       used 118251K, committed 119104K, reserved 1179648K
  class space    used 16274K, committed 16704K, reserved 1048576K
}
Event: 13.864 GC heap after
{Heap after GC invocations=37 (full 0):
 garbage-first heap   total 329728K, used 191157K [0x0000000080000000, 0x0000000100000000)
  region size 1024K, 5 young (5120K), 5 survivors (5120K)
 Metaspace       used 118251K, committed 119104K, reserved 1179648K
  class space    used 16274K, committed 16704K, reserved 1048576K
}
Event: 13.918 GC heap before
{Heap before GC invocations=37 (full 0):
 garbage-first heap   total 329728K, used 297653K [0x0000000080000000, 0x0000000100000000)
  region size 1024K, 16 young (16384K), 5 survivors (5120K)
 Metaspace       used 118697K, committed 119616K, reserved 1179648K
  class space    used 16345K, committed 16832K, reserved 1048576K
}
Event: 13.922 GC heap after
{Heap after GC invocations=38 (full 0):
 garbage-first heap   total 329728K, used 228160K [0x0000000080000000, 0x0000000100000000)
  region size 1024K, 2 young (2048K), 2 survivors (2048K)
 Metaspace       used 118697K, committed 119616K, reserved 1179648K
  class space    used 16345K, committed 16832K, reserved 1048576K
}
Event: 13.923 GC heap before
{Heap before GC invocations=38 (full 0):
 garbage-first heap   total 329728K, used 230208K [0x0000000080000000, 0x0000000100000000)
  region size 1024K, 6 young (6144K), 2 survivors (2048K)
 Metaspace       used 118697K, committed 119616K, reserved 1179648K
  class space    used 16345K, committed 16832K, reserved 1048576K
}
Event: 13.924 GC heap after
{Heap after GC invocations=39 (full 0):
 garbage-first heap   total 329728K, used 229767K [0x0000000080000000, 0x0000000100000000)
  region size 1024K, 4 young (4096K), 4 survivors (4096K)
 Metaspace       used 118697K, committed 119616K, reserved 1179648K
  class space    used 16345K, committed 16832K, reserved 1048576K
}

