# JRE version: OpenJDK Runtime Environment (17.0.10) (build 17.0.10+0--11572160)
# Java VM: OpenJDK 64-Bit Server VM (17.0.10+0--11572160, mixed mode, tiered, compressed oops, compressed class ptrs, g1 gc, windows-amd64)
GC Precious Log:
 CPUs: 16 total, 16 available
 Memory: 15654M
 Large Page Support: Disabled
 NUMA Support: Disabled
 Compressed Oops: Enabled (Zero based)
 Heap Region Size: 2M
 Heap Min Capacity: 8M
 Heap Initial Capacity: 246M
 Heap Max Capacity: 3914M
 Pre-touch: Disabled
 Parallel Workers: 13
 Concurrent Workers: 3
 Concurrent Refinement Workers: 13
 Periodic GC: Disabled
Heap:
 garbage-first heap   total 208896K, used 67223K [0x000000070b600000, 0x0000000800000000)
  region size 2048K, 3 young (6144K), 3 survivors (6144K)
 Metaspace       used 58075K, committed 58240K, reserved 1114112K
  class space    used 6707K, committed 6784K, reserved 1048576K
GC Heap History (20 events):
Event: 1.379 GC heap after
{Heap after GC invocations=7 (full 0):
 garbage-first heap   total 40960K, used 22607K [0x000000070b600000, 0x0000000800000000)
  region size 2048K, 1 young (2048K), 1 survivors (2048K)
 Metaspace       used 34690K, committed 34944K, reserved 1114112K
  class space    used 4384K, committed 4480K, reserved 1048576K
}
Event: 1.391 GC heap before
{Heap before GC invocations=7 (full 0):
 garbage-first heap   total 40960K, used 28751K [0x000000070b600000, 0x0000000800000000)
  region size 2048K, 4 young (8192K), 1 survivors (2048K)
 Metaspace       used 34691K, committed 34944K, reserved 1114112K
  class space    used 4384K, committed 4480K, reserved 1048576K
}
Event: 1.393 GC heap after
{Heap after GC invocations=8 (full 0):
 garbage-first heap   total 147456K, used 24907K [0x000000070b600000, 0x0000000800000000)
  region size 2048K, 1 young (2048K), 1 survivors (2048K)
 Metaspace       used 34691K, committed 34944K, reserved 1114112K
  class space    used 4384K, committed 4480K, reserved 1048576K
}
Event: 2.022 GC heap before
{Heap before GC invocations=9 (full 0):
 garbage-first heap   total 96256K, used 74059K [0x000000070b600000, 0x0000000800000000)
  region size 2048K, 26 young (53248K), 1 survivors (2048K)
 Metaspace       used 45665K, committed 45824K, reserved 1114112K
  class space    used 5551K, committed 5632K, reserved 1048576K
}
Event: 2.030 GC heap after
{Heap after GC invocations=10 (full 0):
 garbage-first heap   total 96256K, used 24907K [0x000000070b600000, 0x0000000800000000)
  region size 2048K, 3 young (6144K), 3 survivors (6144K)
 Metaspace       used 45665K, committed 45824K, reserved 1114112K
  class space    used 5551K, committed 5632K, reserved 1048576K
}
Event: 2.416 GC heap before
{Heap before GC invocations=10 (full 0):
 garbage-first heap   total 96256K, used 65867K [0x000000070b600000, 0x0000000800000000)
  region size 2048K, 22 young (45056K), 3 survivors (6144K)
 Metaspace       used 50808K, committed 51072K, reserved 1114112K
  class space    used 6104K, committed 6208K, reserved 1048576K
}
Event: 2.426 GC heap after
{Heap after GC invocations=11 (full 0):
 garbage-first heap   total 96256K, used 32732K [0x000000070b600000, 0x0000000800000000)
  region size 2048K, 3 young (6144K), 3 survivors (6144K)
 Metaspace       used 50808K, committed 51072K, reserved 1114112K
  class space    used 6104K, committed 6208K, reserved 1048576K
}
Event: 2.508 GC heap before
{Heap before GC invocations=11 (full 0):
 garbage-first heap   total 96256K, used 65500K [0x000000070b600000, 0x0000000800000000)
  region size 2048K, 19 young (38912K), 3 survivors (6144K)
 Metaspace       used 50936K, committed 51200K, reserved 1114112K
  class space    used 6106K, committed 6208K, reserved 1048576K
}
Event: 2.515 GC heap after
{Heap after GC invocations=12 (full 0):
 garbage-first heap   total 96256K, used 34846K [0x000000070b600000, 0x0000000800000000)
  region size 2048K, 1 young (2048K), 1 survivors (2048K)
 Metaspace       used 50936K, committed 51200K, reserved 1114112K
  class space    used 6106K, committed 6208K, reserved 1048576K
}
Event: 3.087 GC heap before
{Heap before GC invocations=12 (full 0):
 garbage-first heap   total 96256K, used 65566K [0x000000070b600000, 0x0000000800000000)
  region size 2048K, 17 young (34816K), 1 survivors (2048K)
 Metaspace       used 54043K, committed 54272K, reserved 1114112K
  class space    used 6350K, committed 6464K, reserved 1048576K
}
Event: 3.098 GC heap after
{Heap after GC invocations=13 (full 0):
 garbage-first heap   total 96256K, used 40328K [0x000000070b600000, 0x0000000800000000)
  region size 2048K, 3 young (6144K), 3 survivors (6144K)
 Metaspace       used 54043K, committed 54272K, reserved 1114112K
  class space    used 6350K, committed 6464K, reserved 1048576K
}
Event: 3.356 GC heap before
{Heap before GC invocations=13 (full 0):
 garbage-first heap   total 96256K, used 69000K [0x000000070b600000, 0x0000000800000000)
  region size 2048K, 17 young (34816K), 3 survivors (6144K)
 Metaspace       used 55656K, committed 55936K, reserved 1114112K
  class space    used 6540K, committed 6656K, reserved 1048576K
}
Event: 3.366 GC heap after
{Heap after GC invocations=14 (full 0):
 garbage-first heap   total 126976K, used 45072K [0x000000070b600000, 0x0000000800000000)
  region size 2048K, 3 young (6144K), 3 survivors (6144K)
 Metaspace       used 55656K, committed 55936K, reserved 1114112K
  class space    used 6540K, committed 6656K, reserved 1048576K
}
Event: 3.839 GC heap before
{Heap before GC invocations=14 (full 0):
 garbage-first heap   total 126976K, used 90128K [0x000000070b600000, 0x0000000800000000)
  region size 2048K, 24 young (49152K), 3 survivors (6144K)
 Metaspace       used 57437K, committed 57664K, reserved 1114112K
  class space    used 6670K, committed 6784K, reserved 1048576K
}
Event: 3.851 GC heap after
{Heap after GC invocations=15 (full 0):
 garbage-first heap   total 126976K, used 53042K [0x000000070b600000, 0x0000000800000000)
  region size 2048K, 3 young (6144K), 3 survivors (6144K)
 Metaspace       used 57437K, committed 57664K, reserved 1114112K
  class space    used 6670K, committed 6784K, reserved 1048576K
}
Event: 3.953 GC heap before
{Heap before GC invocations=15 (full 0):
 garbage-first heap   total 126976K, used 91954K [0x000000070b600000, 0x0000000800000000)
  region size 2048K, 22 young (45056K), 3 survivors (6144K)
 Metaspace       used 57437K, committed 57664K, reserved 1114112K
  class space    used 6670K, committed 6784K, reserved 1048576K
}
Event: 3.961 GC heap after
{Heap after GC invocations=16 (full 0):
 garbage-first heap   total 126976K, used 56182K [0x000000070b600000, 0x0000000800000000)
  region size 2048K, 2 young (4096K), 2 survivors (4096K)
 Metaspace       used 57437K, committed 57664K, reserved 1114112K
  class space    used 6670K, committed 6784K, reserved 1048576K
}
Event: 3.997 GC heap before
{Heap before GC invocations=16 (full 0):
 garbage-first heap   total 126976K, used 95094K [0x000000070b600000, 0x0000000800000000)
  region size 2048K, 21 young (43008K), 2 survivors (4096K)
 Metaspace       used 57437K, committed 57664K, reserved 1114112K
  class space    used 6670K, committed 6784K, reserved 1048576K
}
Event: 4.003 GC heap after
{Heap after GC invocations=17 (full 0):
 garbage-first heap   total 126976K, used 61273K [0x000000070b600000, 0x0000000800000000)
  region size 2048K, 3 young (6144K), 3 survivors (6144K)
 Metaspace       used 57437K, committed 57664K, reserved 1114112K
  class space    used 6670K, committed 6784K, reserved 1048576K
}
Event: 4.250 GC heap before
{Heap before GC invocations=17 (full 0):
 garbage-first heap   total 126976K, used 91993K [0x000000070b600000, 0x0000000800000000)
  region size 2048K, 19 young (38912K), 3 survivors (6144K)
 Metaspace       used 58075K, committed 58240K, reserved 1114112K
  class space    used 6707K, committed 6784K, reserved 1048576K
}

