# JRE version: OpenJDK Runtime Environment (17.0.10) (build 17.0.10+0--11572160)
# Java VM: OpenJDK 64-Bit Server VM (17.0.10+0--11572160, mixed mode, tiered, compressed oops, compressed class ptrs, g1 gc, windows-amd64)
GC Precious Log:
 CPUs: 16 total, 16 available
 Memory: 15654M
 Large Page Support: Disabled
 NUMA Support: Disabled
 Compressed Oops: Enabled (32-bit)
 Heap Region Size: 1M
 Heap Min Capacity: 8M
 Heap Initial Capacity: 246M
 Heap Max Capacity: 2G
 Pre-touch: Disabled
 Parallel Workers: 13
 Concurrent Workers: 3
 Concurrent Refinement Workers: 13
 Periodic GC: Disabled
Heap:
 garbage-first heap   total 311296K, used 235337K [0x0000000080000000, 0x0000000100000000)
  region size 1024K, 4 young (4096K), 4 survivors (4096K)
 Metaspace       used 111712K, committed 112576K, reserved 1179648K
  class space    used 15565K, committed 16000K, reserved 1048576K
GC Heap History (20 events):
Event: 6.880 GC heap after
{Heap after GC invocations=29 (full 0):
 garbage-first heap   total 283648K, used 87837K [0x0000000080000000, 0x0000000100000000)
  region size 1024K, 9 young (9216K), 9 survivors (9216K)
 Metaspace       used 87214K, committed 87872K, reserved 1179648K
  class space    used 12137K, committed 12480K, reserved 1048576K
}
Event: 6.903 GC heap before
{Heap before GC invocations=29 (full 0):
 garbage-first heap   total 283648K, used 91933K [0x0000000080000000, 0x0000000100000000)
  region size 1024K, 13 young (13312K), 9 survivors (9216K)
 Metaspace       used 87485K, committed 88128K, reserved 1179648K
  class space    used 12172K, committed 12480K, reserved 1048576K
}
Event: 6.906 GC heap after
{Heap after GC invocations=30 (full 0):
 garbage-first heap   total 283648K, used 88301K [0x0000000080000000, 0x0000000100000000)
  region size 1024K, 1 young (1024K), 1 survivors (1024K)
 Metaspace       used 87485K, committed 88128K, reserved 1179648K
  class space    used 12172K, committed 12480K, reserved 1048576K
}
Event: 7.844 GC heap before
{Heap before GC invocations=30 (full 0):
 garbage-first heap   total 283648K, used 215277K [0x0000000080000000, 0x0000000100000000)
  region size 1024K, 125 young (128000K), 1 survivors (1024K)
 Metaspace       used 97634K, committed 98368K, reserved 1179648K
  class space    used 13632K, committed 13952K, reserved 1048576K
}
Event: 7.848 GC heap after
{Heap after GC invocations=31 (full 0):
 garbage-first heap   total 283648K, used 94073K [0x0000000080000000, 0x0000000100000000)
  region size 1024K, 7 young (7168K), 7 survivors (7168K)
 Metaspace       used 97634K, committed 98368K, reserved 1179648K
  class space    used 13632K, committed 13952K, reserved 1048576K
}
Event: 8.555 GC heap before
{Heap before GC invocations=31 (full 0):
 garbage-first heap   total 283648K, used 221049K [0x0000000080000000, 0x0000000100000000)
  region size 1024K, 132 young (135168K), 7 survivors (7168K)
 Metaspace       used 102150K, committed 102912K, reserved 1179648K
  class space    used 14354K, committed 14720K, reserved 1048576K
}
Event: 8.561 GC heap after
{Heap after GC invocations=32 (full 0):
 garbage-first heap   total 283648K, used 104769K [0x0000000080000000, 0x0000000100000000)
  region size 1024K, 17 young (17408K), 17 survivors (17408K)
 Metaspace       used 102150K, committed 102912K, reserved 1179648K
  class space    used 14354K, committed 14720K, reserved 1048576K
}
Event: 9.139 GC heap before
{Heap before GC invocations=32 (full 0):
 garbage-first heap   total 283648K, used 223553K [0x0000000080000000, 0x0000000100000000)
  region size 1024K, 134 young (137216K), 17 survivors (17408K)
 Metaspace       used 106027K, committed 106816K, reserved 1179648K
  class space    used 14847K, committed 15232K, reserved 1048576K
}
Event: 9.150 GC heap after
{Heap after GC invocations=33 (full 0):
 garbage-first heap   total 283648K, used 112697K [0x0000000080000000, 0x0000000100000000)
  region size 1024K, 11 young (11264K), 11 survivors (11264K)
 Metaspace       used 106027K, committed 106816K, reserved 1179648K
  class space    used 14847K, committed 15232K, reserved 1048576K
}
Event: 9.258 GC heap before
{Heap before GC invocations=33 (full 0):
 garbage-first heap   total 283648K, used 156729K [0x0000000080000000, 0x0000000100000000)
  region size 1024K, 42 young (43008K), 11 survivors (11264K)
 Metaspace       used 108209K, committed 109056K, reserved 1179648K
  class space    used 15062K, committed 15488K, reserved 1048576K
}
Event: 9.261 GC heap after
{Heap after GC invocations=34 (full 0):
 garbage-first heap   total 283648K, used 126200K [0x0000000080000000, 0x0000000100000000)
  region size 1024K, 7 young (7168K), 7 survivors (7168K)
 Metaspace       used 108209K, committed 109056K, reserved 1179648K
  class space    used 15062K, committed 15488K, reserved 1048576K
}
Event: 9.276 GC heap before
{Heap before GC invocations=34 (full 0):
 garbage-first heap   total 283648K, used 159992K [0x0000000080000000, 0x0000000100000000)
  region size 1024K, 11 young (11264K), 7 survivors (7168K)
 Metaspace       used 108267K, committed 109120K, reserved 1179648K
  class space    used 15069K, committed 15488K, reserved 1048576K
}
Event: 9.279 GC heap after
{Heap after GC invocations=35 (full 0):
 garbage-first heap   total 283648K, used 156938K [0x0000000080000000, 0x0000000100000000)
  region size 1024K, 7 young (7168K), 7 survivors (7168K)
 Metaspace       used 108267K, committed 109120K, reserved 1179648K
  class space    used 15069K, committed 15488K, reserved 1048576K
}
Event: 9.721 GC heap before
{Heap before GC invocations=36 (full 0):
 garbage-first heap   total 311296K, used 248074K [0x0000000080000000, 0x0000000100000000)
  region size 1024K, 73 young (74752K), 7 survivors (7168K)
 Metaspace       used 111408K, committed 112256K, reserved 1179648K
  class space    used 15518K, committed 15936K, reserved 1048576K
}
Event: 9.724 GC heap after
{Heap after GC invocations=37 (full 0):
 garbage-first heap   total 311296K, used 179630K [0x0000000080000000, 0x0000000100000000)
  region size 1024K, 7 young (7168K), 7 survivors (7168K)
 Metaspace       used 111408K, committed 112256K, reserved 1179648K
  class space    used 15518K, committed 15936K, reserved 1048576K
}
Event: 9.747 GC heap before
{Heap before GC invocations=37 (full 0):
 garbage-first heap   total 311296K, used 198062K [0x0000000080000000, 0x0000000100000000)
  region size 1024K, 15 young (15360K), 7 survivors (7168K)
 Metaspace       used 111704K, committed 112512K, reserved 1179648K
  class space    used 15565K, committed 16000K, reserved 1048576K
}
Event: 9.752 GC heap after
{Heap after GC invocations=38 (full 0):
 garbage-first heap   total 311296K, used 185701K [0x0000000080000000, 0x0000000100000000)
  region size 1024K, 2 young (2048K), 2 survivors (2048K)
 Metaspace       used 111704K, committed 112512K, reserved 1179648K
  class space    used 15565K, committed 16000K, reserved 1048576K
}
Event: 9.753 GC heap before
{Heap before GC invocations=38 (full 0):
 garbage-first heap   total 311296K, used 185701K [0x0000000080000000, 0x0000000100000000)
  region size 1024K, 3 young (3072K), 2 survivors (2048K)
 Metaspace       used 111704K, committed 112512K, reserved 1179648K
  class space    used 15565K, committed 16000K, reserved 1048576K
}
Event: 9.755 GC heap after
{Heap after GC invocations=39 (full 0):
 garbage-first heap   total 311296K, used 185739K [0x0000000080000000, 0x0000000100000000)
  region size 1024K, 3 young (3072K), 3 survivors (3072K)
 Metaspace       used 111704K, committed 112512K, reserved 1179648K
  class space    used 15565K, committed 16000K, reserved 1048576K
}
Event: 9.777 GC heap before
{Heap before GC invocations=39 (full 0):
 garbage-first heap   total 311296K, used 300427K [0x0000000080000000, 0x0000000100000000)
  region size 1024K, 11 young (11264K), 3 survivors (3072K)
 Metaspace       used 111712K, committed 112576K, reserved 1179648K
  class space    used 15565K, committed 16000K, reserved 1048576K
}

