# JRE version: OpenJDK Runtime Environment (17.0.10) (build 17.0.10+0--11572160)
# Java VM: OpenJDK 64-Bit Server VM (17.0.10+0--11572160, mixed mode, tiered, compressed oops, compressed class ptrs, g1 gc, windows-amd64)
GC Precious Log:
 CPUs: 16 total, 16 available
 Memory: 15654M
 Large Page Support: Disabled
 NUMA Support: Disabled
 Compressed Oops: Enabled (32-bit)
 Heap Region Size: 1M
 Heap Min Capacity: 8M
 Heap Initial Capacity: 246M
 Heap Max Capacity: 2G
 Pre-touch: Disabled
 Parallel Workers: 13
 Concurrent Workers: 3
 Concurrent Refinement Workers: 13
 Periodic GC: Disabled
Heap:
 garbage-first heap   total 363520K, used 266888K [0x0000000080000000, 0x0000000100000000)
  region size 1024K, 36 young (36864K), 7 survivors (7168K)
 Metaspace       used 197687K, committed 198912K, reserved 1245184K
  class space    used 25297K, committed 25856K, reserved 1048576K
GC Heap History (20 events):
Event: 16.133 GC heap before
{Heap before GC invocations=58 (full 0):
 garbage-first heap   total 363520K, used 303415K [0x0000000080000000, 0x0000000100000000)
  region size 1024K, 106 young (108544K), 12 survivors (12288K)
 Metaspace       used 173656K, committed 174720K, reserved 1245184K
  class space    used 22343K, committed 22848K, reserved 1048576K
}
Event: 16.141 GC heap after
{Heap after GC invocations=59 (full 0):
 garbage-first heap   total 363520K, used 211530K [0x0000000080000000, 0x0000000100000000)
  region size 1024K, 7 young (7168K), 7 survivors (7168K)
 Metaspace       used 173656K, committed 174720K, reserved 1245184K
  class space    used 22343K, committed 22848K, reserved 1048576K
}
Event: 16.385 GC heap before
{Heap before GC invocations=59 (full 0):
 garbage-first heap   total 363520K, used 304714K [0x0000000080000000, 0x0000000100000000)
  region size 1024K, 98 young (100352K), 7 survivors (7168K)
 Metaspace       used 173656K, committed 174720K, reserved 1245184K
  class space    used 22343K, committed 22848K, reserved 1048576K
}
Event: 16.391 GC heap after
{Heap after GC invocations=60 (full 0):
 garbage-first heap   total 363520K, used 215782K [0x0000000080000000, 0x0000000100000000)
  region size 1024K, 11 young (11264K), 11 survivors (11264K)
 Metaspace       used 173656K, committed 174720K, reserved 1245184K
  class space    used 22343K, committed 22848K, reserved 1048576K
}
Event: 16.879 GC heap before
{Heap before GC invocations=60 (full 0):
 garbage-first heap   total 363520K, used 314086K [0x0000000080000000, 0x0000000100000000)
  region size 1024K, 98 young (100352K), 11 survivors (11264K)
 Metaspace       used 177762K, committed 178816K, reserved 1245184K
  class space    used 22815K, committed 23296K, reserved 1048576K
}
Event: 16.888 GC heap after
{Heap after GC invocations=61 (full 0):
 garbage-first heap   total 363520K, used 219651K [0x0000000080000000, 0x0000000100000000)
  region size 1024K, 7 young (7168K), 7 survivors (7168K)
 Metaspace       used 177762K, committed 178816K, reserved 1245184K
  class space    used 22815K, committed 23296K, reserved 1048576K
}
Event: 17.559 GC heap before
{Heap before GC invocations=61 (full 0):
 garbage-first heap   total 363520K, used 304643K [0x0000000080000000, 0x0000000100000000)
  region size 1024K, 90 young (92160K), 7 survivors (7168K)
 Metaspace       used 185350K, committed 186368K, reserved 1245184K
  class space    used 23880K, committed 24384K, reserved 1048576K
}
Event: 17.565 GC heap after
{Heap after GC invocations=62 (full 0):
 garbage-first heap   total 363520K, used 222643K [0x0000000080000000, 0x0000000100000000)
  region size 1024K, 10 young (10240K), 10 survivors (10240K)
 Metaspace       used 185350K, committed 186368K, reserved 1245184K
  class space    used 23880K, committed 24384K, reserved 1048576K
}
Event: 17.951 GC heap before
{Heap before GC invocations=62 (full 0):
 garbage-first heap   total 363520K, used 309683K [0x0000000080000000, 0x0000000100000000)
  region size 1024K, 93 young (95232K), 10 survivors (10240K)
 Metaspace       used 188350K, committed 189440K, reserved 1245184K
  class space    used 24319K, committed 24832K, reserved 1048576K
}
Event: 17.955 GC heap after
{Heap after GC invocations=63 (full 0):
 garbage-first heap   total 363520K, used 228775K [0x0000000080000000, 0x0000000100000000)
  region size 1024K, 8 young (8192K), 8 survivors (8192K)
 Metaspace       used 188350K, committed 189440K, reserved 1245184K
  class space    used 24319K, committed 24832K, reserved 1048576K
}
Event: 18.186 GC heap before
{Heap before GC invocations=63 (full 0):
 garbage-first heap   total 363520K, used 308647K [0x0000000080000000, 0x0000000100000000)
  region size 1024K, 86 young (88064K), 8 survivors (8192K)
 Metaspace       used 188352K, committed 189440K, reserved 1245184K
  class space    used 24319K, committed 24832K, reserved 1048576K
}
Event: 18.189 GC heap after
{Heap after GC invocations=64 (full 0):
 garbage-first heap   total 363520K, used 229434K [0x0000000080000000, 0x0000000100000000)
  region size 1024K, 5 young (5120K), 5 survivors (5120K)
 Metaspace       used 188352K, committed 189440K, reserved 1245184K
  class space    used 24319K, committed 24832K, reserved 1048576K
}
Event: 18.408 GC heap before
{Heap before GC invocations=64 (full 0):
 garbage-first heap   total 363520K, used 311354K [0x0000000080000000, 0x0000000100000000)
  region size 1024K, 85 young (87040K), 5 survivors (5120K)
 Metaspace       used 188370K, committed 189440K, reserved 1245184K
  class space    used 24320K, committed 24832K, reserved 1048576K
}
Event: 18.410 GC heap after
{Heap after GC invocations=65 (full 0):
 garbage-first heap   total 363520K, used 229783K [0x0000000080000000, 0x0000000100000000)
  region size 1024K, 6 young (6144K), 6 survivors (6144K)
 Metaspace       used 188370K, committed 189440K, reserved 1245184K
  class space    used 24320K, committed 24832K, reserved 1048576K
}
Event: 18.899 GC heap before
{Heap before GC invocations=65 (full 0):
 garbage-first heap   total 363520K, used 317847K [0x0000000080000000, 0x0000000100000000)
  region size 1024K, 88 young (90112K), 6 survivors (6144K)
 Metaspace       used 192073K, committed 193088K, reserved 1245184K
  class space    used 24650K, committed 25088K, reserved 1048576K
}
Event: 18.904 GC heap after
{Heap after GC invocations=66 (full 0):
 garbage-first heap   total 363520K, used 227574K [0x0000000080000000, 0x0000000100000000)
  region size 1024K, 5 young (5120K), 5 survivors (5120K)
 Metaspace       used 192073K, committed 193088K, reserved 1245184K
  class space    used 24650K, committed 25088K, reserved 1048576K
}
Event: 19.777 GC heap before
{Heap before GC invocations=66 (full 0):
 garbage-first heap   total 363520K, used 312566K [0x0000000080000000, 0x0000000100000000)
  region size 1024K, 89 young (91136K), 5 survivors (5120K)
 Metaspace       used 193099K, committed 194176K, reserved 1245184K
  class space    used 24733K, committed 25216K, reserved 1048576K
}
Event: 19.781 GC heap after
{Heap after GC invocations=67 (full 0):
 garbage-first heap   total 363520K, used 233877K [0x0000000080000000, 0x0000000100000000)
  region size 1024K, 12 young (12288K), 12 survivors (12288K)
 Metaspace       used 193099K, committed 194176K, reserved 1245184K
  class space    used 24733K, committed 25216K, reserved 1048576K
}
Event: 31.107 GC heap before
{Heap before GC invocations=67 (full 0):
 garbage-first heap   total 363520K, used 310677K [0x0000000080000000, 0x0000000100000000)
  region size 1024K, 87 young (89088K), 12 survivors (12288K)
 Metaspace       used 197349K, committed 198464K, reserved 1245184K
  class space    used 25250K, committed 25792K, reserved 1048576K
}
Event: 31.114 GC heap after
{Heap after GC invocations=68 (full 0):
 garbage-first heap   total 363520K, used 239240K [0x0000000080000000, 0x0000000100000000)
  region size 1024K, 7 young (7168K), 7 survivors (7168K)
 Metaspace       used 197349K, committed 198464K, reserved 1245184K
  class space    used 25250K, committed 25792K, reserved 1048576K
}

