# JRE version: OpenJDK Runtime Environment (17.0.10) (build 17.0.10+0--11572160)
# Java VM: OpenJDK 64-Bit Server VM (17.0.10+0--11572160, mixed mode, tiered, compressed oops, compressed class ptrs, g1 gc, windows-amd64)
GC Precious Log:
 CPUs: 16 total, 16 available
 Memory: 15654M
 Large Page Support: Disabled
 NUMA Support: Disabled
 Compressed Oops: Enabled (32-bit)
 Heap Region Size: 1M
 Heap Min Capacity: 8M
 Heap Initial Capacity: 246M
 Heap Max Capacity: 2G
 Pre-touch: Disabled
 Parallel Workers: 13
 Concurrent Workers: 3
 Concurrent Refinement Workers: 13
 Periodic GC: Disabled
Heap:
 garbage-first heap   total 260096K, used 203101K [0x0000000080000000, 0x0000000100000000)
  region size 1024K, 26 young (26624K), 6 survivors (6144K)
 Metaspace       used 126065K, committed 127040K, reserved 1179648K
  class space    used 17368K, committed 17856K, reserved 1048576K
GC Heap History (20 events):
Event: 11.086 GC heap before
{Heap before GC invocations=47 (full 0):
 garbage-first heap   total 260096K, used 216445K [0x0000000080000000, 0x0000000100000000)
  region size 1024K, 64 young (65536K), 2 survivors (2048K)
 Metaspace       used 101892K, committed 102656K, reserved 1179648K
  class space    used 14083K, committed 14464K, reserved 1048576K
}
Event: 11.090 GC heap after
{Heap after GC invocations=48 (full 0):
 garbage-first heap   total 260096K, used 156234K [0x0000000080000000, 0x0000000100000000)
  region size 1024K, 6 young (6144K), 6 survivors (6144K)
 Metaspace       used 101892K, committed 102656K, reserved 1179648K
  class space    used 14083K, committed 14464K, reserved 1048576K
}
Event: 11.362 GC heap before
{Heap before GC invocations=48 (full 0):
 garbage-first heap   total 260096K, used 216650K [0x0000000080000000, 0x0000000100000000)
  region size 1024K, 65 young (66560K), 6 survivors (6144K)
 Metaspace       used 101922K, committed 102720K, reserved 1179648K
  class space    used 14089K, committed 14464K, reserved 1048576K
}
Event: 11.365 GC heap after
{Heap after GC invocations=49 (full 0):
 garbage-first heap   total 260096K, used 158913K [0x0000000080000000, 0x0000000100000000)
  region size 1024K, 5 young (5120K), 5 survivors (5120K)
 Metaspace       used 101922K, committed 102720K, reserved 1179648K
  class space    used 14089K, committed 14464K, reserved 1048576K
}
Event: 11.613 GC heap before
{Heap before GC invocations=49 (full 0):
 garbage-first heap   total 260096K, used 217281K [0x0000000080000000, 0x0000000100000000)
  region size 1024K, 63 young (64512K), 5 survivors (5120K)
 Metaspace       used 101922K, committed 102720K, reserved 1179648K
  class space    used 14089K, committed 14464K, reserved 1048576K
}
Event: 11.617 GC heap after
{Heap after GC invocations=50 (full 0):
 garbage-first heap   total 260096K, used 162133K [0x0000000080000000, 0x0000000100000000)
  region size 1024K, 6 young (6144K), 6 survivors (6144K)
 Metaspace       used 101922K, committed 102720K, reserved 1179648K
  class space    used 14089K, committed 14464K, reserved 1048576K
}
Event: 11.808 GC heap before
{Heap before GC invocations=50 (full 0):
 garbage-first heap   total 260096K, used 218453K [0x0000000080000000, 0x0000000100000000)
  region size 1024K, 61 young (62464K), 6 survivors (6144K)
 Metaspace       used 101923K, committed 102720K, reserved 1179648K
  class space    used 14089K, committed 14464K, reserved 1048576K
}
Event: 11.812 GC heap after
{Heap after GC invocations=51 (full 0):
 garbage-first heap   total 260096K, used 163886K [0x0000000080000000, 0x0000000100000000)
  region size 1024K, 5 young (5120K), 5 survivors (5120K)
 Metaspace       used 101923K, committed 102720K, reserved 1179648K
  class space    used 14089K, committed 14464K, reserved 1048576K
}
Event: 12.152 GC heap before
{Heap before GC invocations=51 (full 0):
 garbage-first heap   total 260096K, used 226350K [0x0000000080000000, 0x0000000100000000)
  region size 1024K, 59 young (60416K), 5 survivors (5120K)
 Metaspace       used 104784K, committed 105600K, reserved 1179648K
  class space    used 14473K, committed 14848K, reserved 1048576K
}
Event: 12.157 GC heap after
{Heap after GC invocations=52 (full 0):
 garbage-first heap   total 260096K, used 166286K [0x0000000080000000, 0x0000000100000000)
  region size 1024K, 5 young (5120K), 5 survivors (5120K)
 Metaspace       used 104784K, committed 105600K, reserved 1179648K
  class space    used 14473K, committed 14848K, reserved 1048576K
}
Event: 12.623 GC heap before
{Heap before GC invocations=52 (full 0):
 garbage-first heap   total 260096K, used 219534K [0x0000000080000000, 0x0000000100000000)
  region size 1024K, 56 young (57344K), 5 survivors (5120K)
 Metaspace       used 112440K, committed 113344K, reserved 1179648K
  class space    used 15772K, committed 16192K, reserved 1048576K
}
Event: 12.627 GC heap after
{Heap after GC invocations=53 (full 0):
 garbage-first heap   total 260096K, used 167906K [0x0000000080000000, 0x0000000100000000)
  region size 1024K, 3 young (3072K), 3 survivors (3072K)
 Metaspace       used 112440K, committed 113344K, reserved 1179648K
  class space    used 15772K, committed 16192K, reserved 1048576K
}
Event: 13.048 GC heap before
{Heap before GC invocations=53 (full 0):
 garbage-first heap   total 260096K, used 220130K [0x0000000080000000, 0x0000000100000000)
  region size 1024K, 54 young (55296K), 3 survivors (3072K)
 Metaspace       used 117404K, committed 118272K, reserved 1179648K
  class space    used 16471K, committed 16896K, reserved 1048576K
}
Event: 13.051 GC heap after
{Heap after GC invocations=54 (full 0):
 garbage-first heap   total 260096K, used 169552K [0x0000000080000000, 0x0000000100000000)
  region size 1024K, 4 young (4096K), 4 survivors (4096K)
 Metaspace       used 117404K, committed 118272K, reserved 1179648K
  class space    used 16471K, committed 16896K, reserved 1048576K
}
Event: 13.506 GC heap before
{Heap before GC invocations=54 (full 0):
 garbage-first heap   total 260096K, used 226896K [0x0000000080000000, 0x0000000100000000)
  region size 1024K, 55 young (56320K), 4 survivors (4096K)
 Metaspace       used 121902K, committed 122816K, reserved 1179648K
  class space    used 16920K, committed 17344K, reserved 1048576K
}
Event: 13.511 GC heap after
{Heap after GC invocations=55 (full 0):
 garbage-first heap   total 260096K, used 174282K [0x0000000080000000, 0x0000000100000000)
  region size 1024K, 7 young (7168K), 7 survivors (7168K)
 Metaspace       used 121902K, committed 122816K, reserved 1179648K
  class space    used 16920K, committed 17344K, reserved 1048576K
}
Event: 13.734 GC heap before
{Heap before GC invocations=55 (full 0):
 garbage-first heap   total 260096K, used 220362K [0x0000000080000000, 0x0000000100000000)
  region size 1024K, 53 young (54272K), 7 survivors (7168K)
 Metaspace       used 122578K, committed 123456K, reserved 1179648K
  class space    used 16980K, committed 17408K, reserved 1048576K
}
Event: 13.737 GC heap after
{Heap after GC invocations=56 (full 0):
 garbage-first heap   total 260096K, used 178747K [0x0000000080000000, 0x0000000100000000)
  region size 1024K, 5 young (5120K), 5 survivors (5120K)
 Metaspace       used 122578K, committed 123456K, reserved 1179648K
  class space    used 16980K, committed 17408K, reserved 1048576K
}
Event: 14.078 GC heap before
{Heap before GC invocations=56 (full 0):
 garbage-first heap   total 260096K, used 219707K [0x0000000080000000, 0x0000000100000000)
  region size 1024K, 46 young (47104K), 5 survivors (5120K)
 Metaspace       used 124795K, committed 125760K, reserved 1179648K
  class space    used 17222K, committed 17664K, reserved 1048576K
}
Event: 14.083 GC heap after
{Heap after GC invocations=57 (full 0):
 garbage-first heap   total 260096K, used 183645K [0x0000000080000000, 0x0000000100000000)
  region size 1024K, 6 young (6144K), 6 survivors (6144K)
 Metaspace       used 124795K, committed 125760K, reserved 1179648K
  class space    used 17222K, committed 17664K, reserved 1048576K
}

