# JRE version: OpenJDK Runtime Environment (17.0.10) (build 17.0.10+0--11572160)
# Java VM: OpenJDK 64-Bit Server VM (17.0.10+0--11572160, mixed mode, tiered, compressed oops, compressed class ptrs, g1 gc, windows-amd64)
GC Precious Log:
 CPUs: 16 total, 16 available
 Memory: 15654M
 Large Page Support: Disabled
 NUMA Support: Disabled
 Compressed Oops: Enabled (32-bit)
 Heap Region Size: 1M
 Heap Min Capacity: 8M
 Heap Initial Capacity: 246M
 Heap Max Capacity: 2G
 Pre-touch: Disabled
 Parallel Workers: 13
 Concurrent Workers: 3
 Concurrent Refinement Workers: 13
 Periodic GC: Disabled
Heap:
 garbage-first heap   total 293888K, used 267602K [0x0000000080000000, 0x0000000100000000)
  region size 1024K, 18 young (18432K), 5 survivors (5120K)
 Metaspace       used 126581K, committed 127424K, reserved 1179648K
  class space    used 17609K, committed 17984K, reserved 1048576K
GC Heap History (20 events):
Event: 8.631 GC heap before
{Heap before GC invocations=29 (full 0):
 garbage-first heap   total 165888K, used 134002K [0x0000000080000000, 0x0000000100000000)
  region size 1024K, 49 young (50176K), 4 survivors (4096K)
 Metaspace       used 89715K, committed 90432K, reserved 1179648K
  class space    used 12520K, committed 12864K, reserved 1048576K
}
Event: 8.634 GC heap after
{Heap after GC invocations=30 (full 0):
 garbage-first heap   total 165888K, used 89798K [0x0000000080000000, 0x0000000100000000)
  region size 1024K, 6 young (6144K), 6 survivors (6144K)
 Metaspace       used 89715K, committed 90432K, reserved 1179648K
  class space    used 12520K, committed 12864K, reserved 1048576K
}
Event: 9.088 GC heap before
{Heap before GC invocations=30 (full 0):
 garbage-first heap   total 165888K, used 135878K [0x0000000080000000, 0x0000000100000000)
  region size 1024K, 51 young (52224K), 6 survivors (6144K)
 Metaspace       used 93283K, committed 94016K, reserved 1179648K
  class space    used 13029K, committed 13376K, reserved 1048576K
}
Event: 9.095 GC heap after
{Heap after GC invocations=31 (full 0):
 garbage-first heap   total 165888K, used 92441K [0x0000000080000000, 0x0000000100000000)
  region size 1024K, 7 young (7168K), 7 survivors (7168K)
 Metaspace       used 93283K, committed 94016K, reserved 1179648K
  class space    used 13029K, committed 13376K, reserved 1048576K
}
Event: 9.742 GC heap before
{Heap before GC invocations=31 (full 0):
 garbage-first heap   total 165888K, used 136473K [0x0000000080000000, 0x0000000100000000)
  region size 1024K, 50 young (51200K), 7 survivors (7168K)
 Metaspace       used 97404K, committed 98112K, reserved 1179648K
  class space    used 13599K, committed 13952K, reserved 1048576K
}
Event: 9.752 GC heap after
{Heap after GC invocations=32 (full 0):
 garbage-first heap   total 292864K, used 94838K [0x0000000080000000, 0x0000000100000000)
  region size 1024K, 5 young (5120K), 5 survivors (5120K)
 Metaspace       used 97404K, committed 98112K, reserved 1179648K
  class space    used 13599K, committed 13952K, reserved 1048576K
}
Event: 11.166 GC heap before
{Heap before GC invocations=32 (full 0):
 garbage-first heap   total 292864K, used 248438K [0x0000000080000000, 0x0000000100000000)
  region size 1024K, 151 young (154624K), 5 survivors (5120K)
 Metaspace       used 103594K, committed 104384K, reserved 1179648K
  class space    used 14482K, committed 14848K, reserved 1048576K
}
Event: 11.174 GC heap after
{Heap after GC invocations=33 (full 0):
 garbage-first heap   total 292864K, used 104999K [0x0000000080000000, 0x0000000100000000)
  region size 1024K, 15 young (15360K), 15 survivors (15360K)
 Metaspace       used 103594K, committed 104384K, reserved 1179648K
  class space    used 14482K, committed 14848K, reserved 1048576K
}
Event: 12.372 GC heap before
{Heap before GC invocations=33 (full 0):
 garbage-first heap   total 292864K, used 229927K [0x0000000080000000, 0x0000000100000000)
  region size 1024K, 138 young (141312K), 15 survivors (15360K)
 Metaspace       used 109235K, committed 110016K, reserved 1179648K
  class space    used 15097K, committed 15488K, reserved 1048576K
}
Event: 12.382 GC heap after
{Heap after GC invocations=34 (full 0):
 garbage-first heap   total 292864K, used 110686K [0x0000000080000000, 0x0000000100000000)
  region size 1024K, 9 young (9216K), 9 survivors (9216K)
 Metaspace       used 109235K, committed 110016K, reserved 1179648K
  class space    used 15097K, committed 15488K, reserved 1048576K
}
Event: 12.989 GC heap before
{Heap before GC invocations=34 (full 0):
 garbage-first heap   total 292864K, used 173150K [0x0000000080000000, 0x0000000100000000)
  region size 1024K, 72 young (73728K), 9 survivors (9216K)
 Metaspace       used 112478K, committed 113280K, reserved 1179648K
  class space    used 15542K, committed 15936K, reserved 1048576K
}
Event: 12.995 GC heap after
{Heap after GC invocations=35 (full 0):
 garbage-first heap   total 292864K, used 112550K [0x0000000080000000, 0x0000000100000000)
  region size 1024K, 10 young (10240K), 10 survivors (10240K)
 Metaspace       used 112478K, committed 113280K, reserved 1179648K
  class space    used 15542K, committed 15936K, reserved 1048576K
}
Event: 14.774 GC heap before
{Heap before GC invocations=36 (full 0):
 garbage-first heap   total 292864K, used 235430K [0x0000000080000000, 0x0000000100000000)
  region size 1024K, 131 young (134144K), 10 survivors (10240K)
 Metaspace       used 124895K, committed 125760K, reserved 1179648K
  class space    used 17397K, committed 17792K, reserved 1048576K
}
Event: 14.784 GC heap after
{Heap after GC invocations=37 (full 0):
 garbage-first heap   total 292864K, used 115243K [0x0000000080000000, 0x0000000100000000)
  region size 1024K, 8 young (8192K), 8 survivors (8192K)
 Metaspace       used 124895K, committed 125760K, reserved 1179648K
  class space    used 17397K, committed 17792K, reserved 1048576K
}
Event: 14.814 GC heap before
{Heap before GC invocations=37 (full 0):
 garbage-first heap   total 292864K, used 157227K [0x0000000080000000, 0x0000000100000000)
  region size 1024K, 14 young (14336K), 8 survivors (8192K)
 Metaspace       used 124930K, committed 125760K, reserved 1179648K
  class space    used 17400K, committed 17792K, reserved 1048576K
}
Event: 14.819 GC heap after
{Heap after GC invocations=38 (full 0):
 garbage-first heap   total 292864K, used 151116K [0x0000000080000000, 0x0000000100000000)
  region size 1024K, 2 young (2048K), 2 survivors (2048K)
 Metaspace       used 124930K, committed 125760K, reserved 1179648K
  class space    used 17400K, committed 17792K, reserved 1048576K
}
Event: 14.981 GC heap before
{Heap before GC invocations=38 (full 0):
 garbage-first heap   total 292864K, used 256588K [0x0000000080000000, 0x0000000100000000)
  region size 1024K, 36 young (36864K), 2 survivors (2048K)
 Metaspace       used 126118K, committed 126912K, reserved 1179648K
  class space    used 17553K, committed 17920K, reserved 1048576K
}
Event: 14.985 GC heap after
{Heap after GC invocations=39 (full 0):
 garbage-first heap   total 292864K, used 219947K [0x0000000080000000, 0x0000000100000000)
  region size 1024K, 9 young (9216K), 9 survivors (9216K)
 Metaspace       used 126118K, committed 126912K, reserved 1179648K
  class space    used 17553K, committed 17920K, reserved 1048576K
}
Event: 14.998 GC heap before
{Heap before GC invocations=39 (full 0):
 garbage-first heap   total 292864K, used 278315K [0x0000000080000000, 0x0000000100000000)
  region size 1024K, 19 young (19456K), 9 survivors (9216K)
 Metaspace       used 126241K, committed 127104K, reserved 1179648K
  class space    used 17567K, committed 17984K, reserved 1048576K
}
Event: 15.001 GC heap after
{Heap after GC invocations=40 (full 0):
 garbage-first heap   total 293888K, used 225618K [0x0000000080000000, 0x0000000100000000)
  region size 1024K, 5 young (5120K), 5 survivors (5120K)
 Metaspace       used 126241K, committed 127104K, reserved 1179648K
  class space    used 17567K, committed 17984K, reserved 1048576K
}

