# JRE version: OpenJDK Runtime Environment (17.0.10) (build 17.0.10+0--11572160)
# Java VM: OpenJDK 64-Bit Server VM (17.0.10+0--11572160, mixed mode, tiered, compressed oops, compressed class ptrs, g1 gc, windows-amd64)
GC Precious Log:
 CPUs: 16 total, 16 available
 Memory: 15654M
 Large Page Support: Disabled
 NUMA Support: Disabled
 Compressed Oops: Enabled (32-bit)
 Heap Region Size: 1M
 Heap Min Capacity: 8M
 Heap Initial Capacity: 246M
 Heap Max Capacity: 2G
 Pre-touch: Disabled
 Parallel Workers: 13
 Concurrent Workers: 3
 Concurrent Refinement Workers: 13
 Periodic GC: Disabled
Heap:
 garbage-first heap   total 251904K, used 164692K [0x0000000080000000, 0x0000000100000000)
  region size 1024K, 8 young (8192K), 5 survivors (5120K)
 Metaspace       used 133337K, committed 134464K, reserved 1179648K
  class space    used 19660K, committed 20224K, reserved 1048576K
GC Heap History (20 events):
Event: 9.467 GC heap before
{Heap before GC invocations=41 (full 0):
 garbage-first heap   total 180224K, used 148988K [0x0000000080000000, 0x0000000100000000)
  region size 1024K, 44 young (45056K), 4 survivors (4096K)
 Metaspace       used 102361K, committed 103168K, reserved 1179648K
  class space    used 14358K, committed 14784K, reserved 1048576K
}
Event: 9.469 GC heap after
{Heap after GC invocations=42 (full 0):
 garbage-first heap   total 180224K, used 110506K [0x0000000080000000, 0x0000000100000000)
  region size 1024K, 4 young (4096K), 4 survivors (4096K)
 Metaspace       used 102361K, committed 103168K, reserved 1179648K
  class space    used 14358K, committed 14784K, reserved 1048576K
}
Event: 208.210 GC heap before
{Heap before GC invocations=42 (full 0):
 garbage-first heap   total 180224K, used 149418K [0x0000000080000000, 0x0000000100000000)
  region size 1024K, 43 young (44032K), 4 survivors (4096K)
 Metaspace       used 103713K, committed 104512K, reserved 1179648K
  class space    used 14547K, committed 14976K, reserved 1048576K
}
Event: 208.215 GC heap after
{Heap after GC invocations=43 (full 0):
 garbage-first heap   total 217088K, used 112836K [0x0000000080000000, 0x0000000100000000)
  region size 1024K, 3 young (3072K), 3 survivors (3072K)
 Metaspace       used 103713K, committed 104512K, reserved 1179648K
  class space    used 14547K, committed 14976K, reserved 1048576K
}
Event: 208.767 GC heap before
{Heap before GC invocations=43 (full 0):
 garbage-first heap   total 217088K, used 179396K [0x0000000080000000, 0x0000000100000000)
  region size 1024K, 69 young (70656K), 3 survivors (3072K)
 Metaspace       used 104360K, committed 105152K, reserved 1179648K
  class space    used 14565K, committed 14976K, reserved 1048576K
}
Event: 208.772 GC heap after
{Heap after GC invocations=44 (full 0):
 garbage-first heap   total 217088K, used 121425K [0x0000000080000000, 0x0000000100000000)
  region size 1024K, 9 young (9216K), 9 survivors (9216K)
 Metaspace       used 104360K, committed 105152K, reserved 1179648K
  class space    used 14565K, committed 14976K, reserved 1048576K
}
Event: 209.906 GC heap before
{Heap before GC invocations=44 (full 0):
 garbage-first heap   total 217088K, used 177745K [0x0000000080000000, 0x0000000100000000)
  region size 1024K, 65 young (66560K), 9 survivors (9216K)
 Metaspace       used 108928K, committed 109824K, reserved 1179648K
  class space    used 15196K, committed 15680K, reserved 1048576K
}
Event: 209.913 GC heap after
{Heap after GC invocations=45 (full 0):
 garbage-first heap   total 217088K, used 126814K [0x0000000080000000, 0x0000000100000000)
  region size 1024K, 6 young (6144K), 6 survivors (6144K)
 Metaspace       used 108928K, committed 109824K, reserved 1179648K
  class space    used 15196K, committed 15680K, reserved 1048576K
}
Event: 214.575 GC heap before
{Heap before GC invocations=45 (full 0):
 garbage-first heap   total 217088K, used 183134K [0x0000000080000000, 0x0000000100000000)
  region size 1024K, 57 young (58368K), 6 survivors (6144K)
 Metaspace       used 113965K, committed 114880K, reserved 1179648K
  class space    used 15919K, committed 16384K, reserved 1048576K
}
Event: 214.578 GC heap after
{Heap after GC invocations=46 (full 0):
 garbage-first heap   total 217088K, used 130136K [0x0000000080000000, 0x0000000100000000)
  region size 1024K, 4 young (4096K), 4 survivors (4096K)
 Metaspace       used 113965K, committed 114880K, reserved 1179648K
  class space    used 15919K, committed 16384K, reserved 1048576K
}
Event: 214.899 GC heap before
{Heap before GC invocations=46 (full 0):
 garbage-first heap   total 217088K, used 179288K [0x0000000080000000, 0x0000000100000000)
  region size 1024K, 53 young (54272K), 4 survivors (4096K)
 Metaspace       used 120402K, committed 121344K, reserved 1179648K
  class space    used 17079K, committed 17536K, reserved 1048576K
}
Event: 214.902 GC heap after
{Heap after GC invocations=47 (full 0):
 garbage-first heap   total 217088K, used 131658K [0x0000000080000000, 0x0000000100000000)
  region size 1024K, 5 young (5120K), 5 survivors (5120K)
 Metaspace       used 120402K, committed 121344K, reserved 1179648K
  class space    used 17079K, committed 17536K, reserved 1048576K
}
Event: 215.028 GC heap before
{Heap before GC invocations=47 (full 0):
 garbage-first heap   total 217088K, used 149066K [0x0000000080000000, 0x0000000100000000)
  region size 1024K, 24 young (24576K), 5 survivors (5120K)
 Metaspace       used 122728K, committed 123648K, reserved 1179648K
  class space    used 17624K, committed 18112K, reserved 1048576K
}
Event: 215.032 GC heap after
{Heap after GC invocations=48 (full 0):
 garbage-first heap   total 217088K, used 132595K [0x0000000080000000, 0x0000000100000000)
  region size 1024K, 3 young (3072K), 3 survivors (3072K)
 Metaspace       used 122728K, committed 123648K, reserved 1179648K
  class space    used 17624K, committed 18112K, reserved 1048576K
}
Event: 215.246 GC heap before
{Heap before GC invocations=49 (full 0):
 garbage-first heap   total 235520K, used 181747K [0x0000000080000000, 0x0000000100000000)
  region size 1024K, 52 young (53248K), 3 survivors (3072K)
 Metaspace       used 126733K, committed 127680K, reserved 1179648K
  class space    used 18418K, committed 18880K, reserved 1048576K
}
Event: 215.249 GC heap after
{Heap after GC invocations=50 (full 0):
 garbage-first heap   total 235520K, used 133027K [0x0000000080000000, 0x0000000100000000)
  region size 1024K, 4 young (4096K), 4 survivors (4096K)
 Metaspace       used 126733K, committed 127680K, reserved 1179648K
  class space    used 18418K, committed 18880K, reserved 1048576K
}
Event: 215.300 GC heap before
{Heap before GC invocations=50 (full 0):
 garbage-first heap   total 235520K, used 139171K [0x0000000080000000, 0x0000000100000000)
  region size 1024K, 11 young (11264K), 4 survivors (4096K)
 Metaspace       used 127572K, committed 128576K, reserved 1179648K
  class space    used 18598K, committed 19072K, reserved 1048576K
}
Event: 215.305 GC heap after
{Heap after GC invocations=51 (full 0):
 garbage-first heap   total 235520K, used 122504K [0x0000000080000000, 0x0000000100000000)
  region size 1024K, 2 young (2048K), 2 survivors (2048K)
 Metaspace       used 127572K, committed 128576K, reserved 1179648K
  class space    used 18598K, committed 19072K, reserved 1048576K
}
Event: 215.880 GC heap before
{Heap before GC invocations=51 (full 0):
 garbage-first heap   total 235520K, used 223880K [0x0000000080000000, 0x0000000100000000)
  region size 1024K, 75 young (76800K), 2 survivors (2048K)
 Metaspace       used 133229K, committed 134272K, reserved 1179648K
  class space    used 19649K, committed 20160K, reserved 1048576K
}
Event: 215.883 GC heap after
{Heap after GC invocations=52 (full 0):
 garbage-first heap   total 235520K, used 154452K [0x0000000080000000, 0x0000000100000000)
  region size 1024K, 5 young (5120K), 5 survivors (5120K)
 Metaspace       used 133229K, committed 134272K, reserved 1179648K
  class space    used 19649K, committed 20160K, reserved 1048576K
}

