# JRE version: OpenJDK Runtime Environment (17.0.10) (build 17.0.10+0--11572160)
# Java VM: OpenJDK 64-Bit Server VM (17.0.10+0--11572160, mixed mode, tiered, compressed oops, compressed class ptrs, g1 gc, windows-amd64)
GC Precious Log:
 CPUs: 16 total, 16 available
 Memory: 15654M
 Large Page Support: Disabled
 NUMA Support: Disabled
 Compressed Oops: Enabled (32-bit)
 Heap Region Size: 1M
 Heap Min Capacity: 8M
 Heap Initial Capacity: 246M
 Heap Max Capacity: 2G
 Pre-touch: Disabled
 Parallel Workers: 13
 Concurrent Workers: 3
 Concurrent Refinement Workers: 13
 Periodic GC: Disabled
Heap:
 garbage-first heap   total 112640K, used 64491K [0x0000000080000000, 0x0000000100000000)
  region size 1024K, 1 young (1024K), 1 survivors (1024K)
 Metaspace       used 62538K, committed 63040K, reserved 1114112K
  class space    used 8586K, committed 8832K, reserved 1048576K
GC Heap History (20 events):
Event: 3.463 GC heap after
{Heap after GC invocations=13 (full 0):
 garbage-first heap   total 86016K, used 33816K [0x0000000080000000, 0x0000000100000000)
  region size 1024K, 5 young (5120K), 5 survivors (5120K)
 Metaspace       used 51123K, committed 51520K, reserved 1114112K
  class space    used 7048K, committed 7232K, reserved 1048576K
}
Event: 3.825 GC heap before
{Heap before GC invocations=13 (full 0):
 garbage-first heap   total 86016K, used 68632K [0x0000000080000000, 0x0000000100000000)
  region size 1024K, 37 young (37888K), 5 survivors (5120K)
 Metaspace       used 55566K, committed 56064K, reserved 1114112K
  class space    used 7634K, committed 7872K, reserved 1048576K
}
Event: 3.827 GC heap after
{Heap after GC invocations=14 (full 0):
 garbage-first heap   total 86016K, used 35609K [0x0000000080000000, 0x0000000100000000)
  region size 1024K, 4 young (4096K), 4 survivors (4096K)
 Metaspace       used 55566K, committed 56064K, reserved 1114112K
  class space    used 7634K, committed 7872K, reserved 1048576K
}
Event: 4.117 GC heap before
{Heap before GC invocations=14 (full 0):
 garbage-first heap   total 86016K, used 67353K [0x0000000080000000, 0x0000000100000000)
  region size 1024K, 36 young (36864K), 4 survivors (4096K)
 Metaspace       used 56994K, committed 57472K, reserved 1114112K
  class space    used 7881K, committed 8128K, reserved 1048576K
}
Event: 4.120 GC heap after
{Heap after GC invocations=15 (full 0):
 garbage-first heap   total 86016K, used 39992K [0x0000000080000000, 0x0000000100000000)
  region size 1024K, 5 young (5120K), 5 survivors (5120K)
 Metaspace       used 56994K, committed 57472K, reserved 1114112K
  class space    used 7881K, committed 8128K, reserved 1048576K
}
Event: 4.237 GC heap before
{Heap before GC invocations=15 (full 0):
 garbage-first heap   total 86016K, used 68664K [0x0000000080000000, 0x0000000100000000)
  region size 1024K, 32 young (32768K), 5 survivors (5120K)
 Metaspace       used 57323K, committed 57856K, reserved 1114112K
  class space    used 7917K, committed 8192K, reserved 1048576K
}
Event: 4.239 GC heap after
{Heap after GC invocations=16 (full 0):
 garbage-first heap   total 86016K, used 44290K [0x0000000080000000, 0x0000000100000000)
  region size 1024K, 4 young (4096K), 4 survivors (4096K)
 Metaspace       used 57323K, committed 57856K, reserved 1114112K
  class space    used 7917K, committed 8192K, reserved 1048576K
}
Event: 4.243 GC heap before
{Heap before GC invocations=16 (full 0):
 garbage-first heap   total 86016K, used 45314K [0x0000000080000000, 0x0000000100000000)
  region size 1024K, 6 young (6144K), 4 survivors (4096K)
 Metaspace       used 57323K, committed 57856K, reserved 1114112K
  class space    used 7917K, committed 8192K, reserved 1048576K
}
Event: 4.244 GC heap after
{Heap after GC invocations=17 (full 0):
 garbage-first heap   total 86016K, used 45485K [0x0000000080000000, 0x0000000100000000)
  region size 1024K, 2 young (2048K), 2 survivors (2048K)
 Metaspace       used 57323K, committed 57856K, reserved 1114112K
  class space    used 7917K, committed 8192K, reserved 1048576K
}
Event: 4.355 GC heap before
{Heap before GC invocations=18 (full 0):
 garbage-first heap   total 87040K, used 73133K [0x0000000080000000, 0x0000000100000000)
  region size 1024K, 18 young (18432K), 2 survivors (2048K)
 Metaspace       used 58042K, committed 58560K, reserved 1114112K
  class space    used 8056K, committed 8320K, reserved 1048576K
}
Event: 4.357 GC heap after
{Heap after GC invocations=19 (full 0):
 garbage-first heap   total 104448K, used 61947K [0x0000000080000000, 0x0000000100000000)
  region size 1024K, 3 young (3072K), 3 survivors (3072K)
 Metaspace       used 58042K, committed 58560K, reserved 1114112K
  class space    used 8056K, committed 8320K, reserved 1048576K
}
Event: 4.375 GC heap before
{Heap before GC invocations=19 (full 0):
 garbage-first heap   total 104448K, used 62971K [0x0000000080000000, 0x0000000100000000)
  region size 1024K, 5 young (5120K), 3 survivors (3072K)
 Metaspace       used 58177K, committed 58688K, reserved 1114112K
  class space    used 8077K, committed 8320K, reserved 1048576K
}
Event: 4.377 GC heap after
{Heap after GC invocations=20 (full 0):
 garbage-first heap   total 104448K, used 62478K [0x0000000080000000, 0x0000000100000000)
  region size 1024K, 1 young (1024K), 1 survivors (1024K)
 Metaspace       used 58177K, committed 58688K, reserved 1114112K
  class space    used 8077K, committed 8320K, reserved 1048576K
}
Event: 4.408 GC heap before
{Heap before GC invocations=20 (full 0):
 garbage-first heap   total 104448K, used 69646K [0x0000000080000000, 0x0000000100000000)
  region size 1024K, 10 young (10240K), 1 survivors (1024K)
 Metaspace       used 58775K, committed 59264K, reserved 1114112K
  class space    used 8134K, committed 8384K, reserved 1048576K
}
Event: 4.409 GC heap after
{Heap after GC invocations=21 (full 0):
 garbage-first heap   total 104448K, used 62861K [0x0000000080000000, 0x0000000100000000)
  region size 1024K, 1 young (1024K), 1 survivors (1024K)
 Metaspace       used 58775K, committed 59264K, reserved 1114112K
  class space    used 8134K, committed 8384K, reserved 1048576K
}
Event: 4.514 GC heap before
{Heap before GC invocations=22 (full 0):
 garbage-first heap   total 112640K, used 80269K [0x0000000080000000, 0x0000000100000000)
  region size 1024K, 18 young (18432K), 1 survivors (1024K)
 Metaspace       used 60103K, committed 60608K, reserved 1114112K
  class space    used 8323K, committed 8576K, reserved 1048576K
}
Event: 4.515 GC heap after
{Heap after GC invocations=23 (full 0):
 garbage-first heap   total 112640K, used 64647K [0x0000000080000000, 0x0000000100000000)
  region size 1024K, 2 young (2048K), 2 survivors (2048K)
 Metaspace       used 60103K, committed 60608K, reserved 1114112K
  class space    used 8323K, committed 8576K, reserved 1048576K
}
Event: 4.531 GC heap before
{Heap before GC invocations=23 (full 0):
 garbage-first heap   total 112640K, used 66695K [0x0000000080000000, 0x0000000100000000)
  region size 1024K, 5 young (5120K), 2 survivors (2048K)
 Metaspace       used 60367K, committed 60928K, reserved 1114112K
  class space    used 8362K, committed 8640K, reserved 1048576K
}
Event: 4.532 GC heap after
{Heap after GC invocations=24 (full 0):
 garbage-first heap   total 112640K, used 63706K [0x0000000080000000, 0x0000000100000000)
  region size 1024K, 1 young (1024K), 1 survivors (1024K)
 Metaspace       used 60367K, committed 60928K, reserved 1114112K
  class space    used 8362K, committed 8640K, reserved 1048576K
}
Event: 4.677 GC heap before
{Heap before GC invocations=24 (full 0):
 garbage-first heap   total 112640K, used 86234K [0x0000000080000000, 0x0000000100000000)
  region size 1024K, 24 young (24576K), 1 survivors (1024K)
 Metaspace       used 62538K, committed 63040K, reserved 1114112K
  class space    used 8586K, committed 8832K, reserved 1048576K
}

