# JRE version: OpenJDK Runtime Environment (17.0.10) (build 17.0.10+0--11572160)
# Java VM: OpenJDK 64-Bit Server VM (17.0.10+0--11572160, mixed mode, tiered, compressed oops, compressed class ptrs, g1 gc, windows-amd64)
GC Precious Log:
 CPUs: 16 total, 16 available
 Memory: 15654M
 Large Page Support: Disabled
 NUMA Support: Disabled
 Compressed Oops: Enabled (32-bit)
 Heap Region Size: 1M
 Heap Min Capacity: 8M
 Heap Initial Capacity: 246M
 Heap Max Capacity: 2G
 Pre-touch: Disabled
 Parallel Workers: 13
 Concurrent Workers: 3
 Concurrent Refinement Workers: 13
 Periodic GC: Disabled
Heap:
 garbage-first heap   total 176128K, used 92746K [0x0000000080000000, 0x0000000100000000)
  region size 1024K, 29 young (29696K), 8 survivors (8192K)
 Metaspace       used 71689K, committed 72192K, reserved 1114112K
  class space    used 9816K, committed 10048K, reserved 1048576K
GC Heap History (20 events):
Event: 3.263 GC heap before
{Heap before GC invocations=12 (full 0):
 garbage-first heap   total 86016K, used 66237K [0x0000000080000000, 0x0000000100000000)
  region size 1024K, 38 young (38912K), 4 survivors (4096K)
 Metaspace       used 50238K, committed 50688K, reserved 1114112K
  class space    used 6888K, committed 7104K, reserved 1048576K
}
Event: 3.266 GC heap after
{Heap after GC invocations=13 (full 0):
 garbage-first heap   total 86016K, used 33214K [0x0000000080000000, 0x0000000100000000)
  region size 1024K, 4 young (4096K), 4 survivors (4096K)
 Metaspace       used 50238K, committed 50688K, reserved 1114112K
  class space    used 6888K, committed 7104K, reserved 1048576K
}
Event: 3.571 GC heap before
{Heap before GC invocations=13 (full 0):
 garbage-first heap   total 86016K, used 68030K [0x0000000080000000, 0x0000000100000000)
  region size 1024K, 37 young (37888K), 4 survivors (4096K)
 Metaspace       used 54724K, committed 55232K, reserved 1114112K
  class space    used 7496K, committed 7744K, reserved 1048576K
}
Event: 3.574 GC heap after
{Heap after GC invocations=14 (full 0):
 garbage-first heap   total 86016K, used 34955K [0x0000000080000000, 0x0000000100000000)
  region size 1024K, 4 young (4096K), 4 survivors (4096K)
 Metaspace       used 54724K, committed 55232K, reserved 1114112K
  class space    used 7496K, committed 7744K, reserved 1048576K
}
Event: 3.902 GC heap before
{Heap before GC invocations=14 (full 0):
 garbage-first heap   total 86016K, used 67723K [0x0000000080000000, 0x0000000100000000)
  region size 1024K, 36 young (36864K), 4 survivors (4096K)
 Metaspace       used 56959K, committed 57472K, reserved 1114112K
  class space    used 7884K, committed 8128K, reserved 1048576K
}
Event: 3.906 GC heap after
{Heap after GC invocations=15 (full 0):
 garbage-first heap   total 86016K, used 39630K [0x0000000080000000, 0x0000000100000000)
  region size 1024K, 5 young (5120K), 5 survivors (5120K)
 Metaspace       used 56959K, committed 57472K, reserved 1114112K
  class space    used 7884K, committed 8128K, reserved 1048576K
}
Event: 3.948 GC heap before
{Heap before GC invocations=15 (full 0):
 garbage-first heap   total 86016K, used 65230K [0x0000000080000000, 0x0000000100000000)
  region size 1024K, 31 young (31744K), 5 survivors (5120K)
 Metaspace       used 57040K, committed 57600K, reserved 1114112K
  class space    used 7884K, committed 8128K, reserved 1048576K
}
Event: 3.950 GC heap after
{Heap after GC invocations=16 (full 0):
 garbage-first heap   total 86016K, used 41908K [0x0000000080000000, 0x0000000100000000)
  region size 1024K, 3 young (3072K), 3 survivors (3072K)
 Metaspace       used 57040K, committed 57600K, reserved 1114112K
  class space    used 7884K, committed 8128K, reserved 1048576K
}
Event: 4.032 GC heap before
{Heap before GC invocations=16 (full 0):
 garbage-first heap   total 86016K, used 50100K [0x0000000080000000, 0x0000000100000000)
  region size 1024K, 12 young (12288K), 3 survivors (3072K)
 Metaspace       used 57322K, committed 57856K, reserved 1114112K
  class space    used 7919K, committed 8192K, reserved 1048576K
}
Event: 4.034 GC heap after
{Heap after GC invocations=17 (full 0):
 garbage-first heap   total 86016K, used 42640K [0x0000000080000000, 0x0000000100000000)
  region size 1024K, 1 young (1024K), 1 survivors (1024K)
 Metaspace       used 57322K, committed 57856K, reserved 1114112K
  class space    used 7919K, committed 8192K, reserved 1048576K
}
Event: 4.168 GC heap before
{Heap before GC invocations=18 (full 0):
 garbage-first heap   total 86016K, used 77456K [0x0000000080000000, 0x0000000100000000)
  region size 1024K, 23 young (23552K), 1 survivors (1024K)
 Metaspace       used 58364K, committed 58880K, reserved 1114112K
  class space    used 8104K, committed 8384K, reserved 1048576K
}
Event: 4.170 GC heap after
{Heap after GC invocations=19 (full 0):
 garbage-first heap   total 88064K, used 62388K [0x0000000080000000, 0x0000000100000000)
  region size 1024K, 3 young (3072K), 3 survivors (3072K)
 Metaspace       used 58364K, committed 58880K, reserved 1114112K
  class space    used 8104K, committed 8384K, reserved 1048576K
}
Event: 4.174 GC heap before
{Heap before GC invocations=19 (full 0):
 garbage-first heap   total 88064K, used 62388K [0x0000000080000000, 0x0000000100000000)
  region size 1024K, 4 young (4096K), 3 survivors (3072K)
 Metaspace       used 58457K, committed 59008K, reserved 1114112K
  class space    used 8115K, committed 8384K, reserved 1048576K
}
Event: 4.175 GC heap after
{Heap after GC invocations=20 (full 0):
 garbage-first heap   total 88064K, used 62254K [0x0000000080000000, 0x0000000100000000)
  region size 1024K, 1 young (1024K), 1 survivors (1024K)
 Metaspace       used 58457K, committed 59008K, reserved 1114112K
  class space    used 8115K, committed 8384K, reserved 1048576K
}
Event: 4.192 GC heap before
{Heap before GC invocations=20 (full 0):
 garbage-first heap   total 88064K, used 66350K [0x0000000080000000, 0x0000000100000000)
  region size 1024K, 7 young (7168K), 1 survivors (1024K)
 Metaspace       used 58772K, committed 59264K, reserved 1114112K
  class space    used 8137K, committed 8384K, reserved 1048576K
}
Event: 4.193 GC heap after
{Heap after GC invocations=21 (full 0):
 garbage-first heap   total 176128K, used 62769K [0x0000000080000000, 0x0000000100000000)
  region size 1024K, 1 young (1024K), 1 survivors (1024K)
 Metaspace       used 58772K, committed 59264K, reserved 1114112K
  class space    used 8137K, committed 8384K, reserved 1048576K
}
Event: 4.585 GC heap before
{Heap before GC invocations=21 (full 0):
 garbage-first heap   total 176128K, used 127281K [0x0000000080000000, 0x0000000100000000)
  region size 1024K, 63 young (64512K), 1 survivors (1024K)
 Metaspace       used 64674K, committed 65280K, reserved 1114112K
  class space    used 8867K, committed 9152K, reserved 1048576K
}
Event: 4.587 GC heap after
{Heap after GC invocations=22 (full 0):
 garbage-first heap   total 176128K, used 65576K [0x0000000080000000, 0x0000000100000000)
  region size 1024K, 3 young (3072K), 3 survivors (3072K)
 Metaspace       used 64674K, committed 65280K, reserved 1114112K
  class space    used 8867K, committed 9152K, reserved 1048576K
}
Event: 5.021 GC heap before
{Heap before GC invocations=22 (full 0):
 garbage-first heap   total 176128K, used 138280K [0x0000000080000000, 0x0000000100000000)
  region size 1024K, 69 young (70656K), 3 survivors (3072K)
 Metaspace       used 70218K, committed 70784K, reserved 1114112K
  class space    used 9611K, committed 9856K, reserved 1048576K
}
Event: 5.024 GC heap after
{Heap after GC invocations=23 (full 0):
 garbage-first heap   total 176128K, used 72266K [0x0000000080000000, 0x0000000100000000)
  region size 1024K, 8 young (8192K), 8 survivors (8192K)
 Metaspace       used 70218K, committed 70784K, reserved 1114112K
  class space    used 9611K, committed 9856K, reserved 1048576K
}

