# JRE version: OpenJDK Runtime Environment (17.0.10) (build 17.0.10+0--11572160)
# Java VM: OpenJDK 64-Bit Server VM (17.0.10+0--11572160, mixed mode, tiered, compressed oops, compressed class ptrs, g1 gc, windows-amd64)
GC Precious Log:
 CPUs: 16 total, 16 available
 Memory: 15654M
 Large Page Support: Disabled
 NUMA Support: Disabled
 Compressed Oops: Enabled (32-bit)
 Heap Region Size: 1M
 Heap Min Capacity: 8M
 Heap Initial Capacity: 246M
 Heap Max Capacity: 2G
 Pre-touch: Disabled
 Parallel Workers: 13
 Concurrent Workers: 3
 Concurrent Refinement Workers: 13
 Periodic GC: Disabled
Heap:
 garbage-first heap   total 137216K, used 96829K [0x0000000080000000, 0x0000000100000000)
  region size 1024K, 23 young (23552K), 4 survivors (4096K)
 Metaspace       used 78428K, committed 79104K, reserved 1179648K
  class space    used 10741K, committed 11072K, reserved 1048576K
GC Heap History (20 events):
Event: 4.689 GC heap before
{Heap before GC invocations=20 (full 0):
 garbage-first heap   total 106496K, used 61842K [0x0000000080000000, 0x0000000100000000)
  region size 1024K, 3 young (3072K), 2 survivors (2048K)
 Metaspace       used 58762K, committed 59328K, reserved 1114112K
  class space    used 8135K, committed 8384K, reserved 1048576K
}
Event: 4.690 GC heap after
{Heap after GC invocations=21 (full 0):
 garbage-first heap   total 106496K, used 61646K [0x0000000080000000, 0x0000000100000000)
  region size 1024K, 2 young (2048K), 2 survivors (2048K)
 Metaspace       used 58762K, committed 59328K, reserved 1114112K
  class space    used 8135K, committed 8384K, reserved 1048576K
}
Event: 4.810 GC heap before
{Heap before GC invocations=22 (full 0):
 garbage-first heap   total 111616K, used 80078K [0x0000000080000000, 0x0000000100000000)
  region size 1024K, 20 young (20480K), 2 survivors (2048K)
 Metaspace       used 60164K, committed 60736K, reserved 1114112K
  class space    used 8339K, committed 8640K, reserved 1048576K
}
Event: 4.811 GC heap after
{Heap after GC invocations=23 (full 0):
 garbage-first heap   total 111616K, used 63181K [0x0000000080000000, 0x0000000100000000)
  region size 1024K, 2 young (2048K), 2 survivors (2048K)
 Metaspace       used 60164K, committed 60736K, reserved 1114112K
  class space    used 8339K, committed 8640K, reserved 1048576K
}
Event: 4.829 GC heap before
{Heap before GC invocations=23 (full 0):
 garbage-first heap   total 111616K, used 66253K [0x0000000080000000, 0x0000000100000000)
  region size 1024K, 5 young (5120K), 2 survivors (2048K)
 Metaspace       used 60431K, committed 60992K, reserved 1114112K
  class space    used 8374K, committed 8640K, reserved 1048576K
}
Event: 4.831 GC heap after
{Heap after GC invocations=24 (full 0):
 garbage-first heap   total 134144K, used 62725K [0x0000000080000000, 0x0000000100000000)
  region size 1024K, 1 young (1024K), 1 survivors (1024K)
 Metaspace       used 60431K, committed 60992K, reserved 1114112K
  class space    used 8374K, committed 8640K, reserved 1048576K
}
Event: 5.073 GC heap before
{Heap before GC invocations=24 (full 0):
 garbage-first heap   total 134144K, used 96517K [0x0000000080000000, 0x0000000100000000)
  region size 1024K, 34 young (34816K), 1 survivors (1024K)
 Metaspace       used 63852K, committed 64448K, reserved 1114112K
  class space    used 8750K, committed 9024K, reserved 1048576K
}
Event: 5.075 GC heap after
{Heap after GC invocations=25 (full 0):
 garbage-first heap   total 134144K, used 63595K [0x0000000080000000, 0x0000000100000000)
  region size 1024K, 1 young (1024K), 1 survivors (1024K)
 Metaspace       used 63852K, committed 64448K, reserved 1114112K
  class space    used 8750K, committed 9024K, reserved 1048576K
}
Event: 5.362 GC heap before
{Heap before GC invocations=26 (full 0):
 garbage-first heap   total 134144K, used 90219K [0x0000000080000000, 0x0000000100000000)
  region size 1024K, 28 young (28672K), 1 survivors (1024K)
 Metaspace       used 67340K, committed 67904K, reserved 1114112K
  class space    used 9236K, committed 9536K, reserved 1048576K
}
Event: 5.364 GC heap after
{Heap after GC invocations=27 (full 0):
 garbage-first heap   total 134144K, used 65833K [0x0000000080000000, 0x0000000100000000)
  region size 1024K, 4 young (4096K), 4 survivors (4096K)
 Metaspace       used 67340K, committed 67904K, reserved 1114112K
  class space    used 9236K, committed 9536K, reserved 1048576K
}
Event: 5.401 GC heap before
{Heap before GC invocations=28 (full 0):
 garbage-first heap   total 137216K, used 80169K [0x0000000080000000, 0x0000000100000000)
  region size 1024K, 15 young (15360K), 4 survivors (4096K)
 Metaspace       used 67352K, committed 67968K, reserved 1114112K
  class space    used 9236K, committed 9536K, reserved 1048576K
}
Event: 5.404 GC heap after
{Heap after GC invocations=29 (full 0):
 garbage-first heap   total 137216K, used 67944K [0x0000000080000000, 0x0000000100000000)
  region size 1024K, 5 young (5120K), 5 survivors (5120K)
 Metaspace       used 67352K, committed 67968K, reserved 1114112K
  class space    used 9236K, committed 9536K, reserved 1048576K
}
Event: 5.639 GC heap before
{Heap before GC invocations=30 (full 0):
 garbage-first heap   total 137216K, used 99688K [0x0000000080000000, 0x0000000100000000)
  region size 1024K, 35 young (35840K), 5 survivors (5120K)
 Metaspace       used 69611K, committed 70272K, reserved 1114112K
  class space    used 9544K, committed 9856K, reserved 1048576K
}
Event: 5.641 GC heap after
{Heap after GC invocations=31 (full 0):
 garbage-first heap   total 137216K, used 70556K [0x0000000080000000, 0x0000000100000000)
  region size 1024K, 2 young (2048K), 2 survivors (2048K)
 Metaspace       used 69611K, committed 70272K, reserved 1114112K
  class space    used 9544K, committed 9856K, reserved 1048576K
}
Event: 5.867 GC heap before
{Heap before GC invocations=31 (full 0):
 garbage-first heap   total 137216K, used 102300K [0x0000000080000000, 0x0000000100000000)
  region size 1024K, 33 young (33792K), 2 survivors (2048K)
 Metaspace       used 71716K, committed 72320K, reserved 1114112K
  class space    used 9825K, committed 10112K, reserved 1048576K
}
Event: 5.869 GC heap after
{Heap after GC invocations=32 (full 0):
 garbage-first heap   total 137216K, used 72228K [0x0000000080000000, 0x0000000100000000)
  region size 1024K, 4 young (4096K), 4 survivors (4096K)
 Metaspace       used 71716K, committed 72320K, reserved 1114112K
  class space    used 9825K, committed 10112K, reserved 1048576K
}
Event: 5.980 GC heap before
{Heap before GC invocations=33 (full 0):
 garbage-first heap   total 137216K, used 79396K [0x0000000080000000, 0x0000000100000000)
  region size 1024K, 12 young (12288K), 4 survivors (4096K)
 Metaspace       used 73298K, committed 73920K, reserved 1114112K
  class space    used 10026K, committed 10304K, reserved 1048576K
}
Event: 5.982 GC heap after
{Heap after GC invocations=34 (full 0):
 garbage-first heap   total 137216K, used 73040K [0x0000000080000000, 0x0000000100000000)
  region size 1024K, 3 young (3072K), 3 survivors (3072K)
 Metaspace       used 73298K, committed 73920K, reserved 1114112K
  class space    used 10026K, committed 10304K, reserved 1048576K
}
Event: 6.200 GC heap before
{Heap before GC invocations=35 (full 0):
 garbage-first heap   total 137216K, used 109904K [0x0000000080000000, 0x0000000100000000)
  region size 1024K, 35 young (35840K), 3 survivors (3072K)
 Metaspace       used 76469K, committed 77120K, reserved 1179648K
  class space    used 10485K, committed 10816K, reserved 1048576K
}
Event: 6.203 GC heap after
{Heap after GC invocations=36 (full 0):
 garbage-first heap   total 137216K, used 78397K [0x0000000080000000, 0x0000000100000000)
  region size 1024K, 4 young (4096K), 4 survivors (4096K)
 Metaspace       used 76469K, committed 77120K, reserved 1179648K
  class space    used 10485K, committed 10816K, reserved 1048576K
}

